<?xml version="1.0" encoding="UTF-8"?>
<robot generator="Robot 3.0 (Jython 2.7.0 on java1.8.0_144)" generated="20170925 12:40:30.711">
<suite source="C:\Users\Travis\Desktop\cs310-tic-tac-toe\src\test\acceptancetest" name="Acceptancetest" id="s1">
<suite source="C:\Users\Travis\Desktop\cs310-tic-tac-toe\src\test\acceptancetest\TicTacToeGUITests.robot" name="TicTacToeGUITests" id="s1-s1">
<test name="Win Diagonally as X" id="s1-s1-t1">
<kw name="Start New Game">
<kw library="SwingLibrary" name="Start Application">
<doc>Alias for `Launch Application` keyword</doc>
<arguments>
<arg>edu.jsu.mcis.TicTacToe</arg>
</arguments>
<status endtime="20170925 12:40:42.044" starttime="20170925 12:40:41.807" status="PASS"></status>
</kw>
<kw library="SwingLibrary" name="Select Window">
<doc>Selects a window as current context and sets focus to it.</doc>
<arguments>
<arg>Tic-Tac-Toe</arg>
</arguments>
<status endtime="20170925 12:40:42.176" starttime="20170925 12:40:42.044" status="PASS"></status>
</kw>
<status endtime="20170925 12:40:42.176" starttime="20170925 12:40:41.807" status="PASS"></status>
</kw>
<kw name="Mark Location">
<arguments>
<arg>1</arg>
<arg>1</arg>
</arguments>
<kw library="BuiltIn" name="Catenate">
<doc>Catenates the given items together and returns the resulted string.</doc>
<arguments>
<arg>SEPARATOR=</arg>
<arg>Square</arg>
<arg>${row}</arg>
<arg>${col}</arg>
</arguments>
<assign>
<var>${component}</var>
</assign>
<msg level="INFO" timestamp="20170925 12:40:42.192">${component} = Square11</msg>
<status endtime="20170925 12:40:42.192" starttime="20170925 12:40:42.176" status="PASS"></status>
</kw>
<kw library="SwingLibrary" name="Click On Component">
<doc>Clicks on a component.</doc>
<arguments>
<arg>${component}</arg>
</arguments>
<status endtime="20170925 12:40:42.261" starttime="20170925 12:40:42.192" status="PASS"></status>
</kw>
<status endtime="20170925 12:40:42.277" starttime="20170925 12:40:42.176" status="PASS"></status>
</kw>
<kw name="Check Location">
<arguments>
<arg>1</arg>
<arg>1</arg>
<arg>X</arg>
</arguments>
<kw library="BuiltIn" name="Catenate">
<doc>Catenates the given items together and returns the resulted string.</doc>
<arguments>
<arg>SEPARATOR=</arg>
<arg>Square</arg>
<arg>${row}</arg>
<arg>${col}</arg>
</arguments>
<assign>
<var>${component}</var>
</assign>
<msg level="INFO" timestamp="20170925 12:40:42.277">${component} = Square11</msg>
<status endtime="20170925 12:40:42.277" starttime="20170925 12:40:42.277" status="PASS"></status>
</kw>
<kw library="SwingLibrary" name="Get Button Text">
<doc>Uses current context to search for a button and when found, returns the text it is labeled with.</doc>
<arguments>
<arg>${component}</arg>
</arguments>
<assign>
<var>${text}</var>
</assign>
<msg level="INFO" timestamp="20170925 12:40:42.324">${text} = X</msg>
<status endtime="20170925 12:40:42.324" starttime="20170925 12:40:42.277" status="PASS"></status>
</kw>
<kw library="BuiltIn" name="Should Be Equal">
<doc>Fails if the given objects are unequal.</doc>
<arguments>
<arg>${text}</arg>
<arg>${mark}</arg>
</arguments>
<status endtime="20170925 12:40:42.346" starttime="20170925 12:40:42.341" status="PASS"></status>
</kw>
<status endtime="20170925 12:40:42.346" starttime="20170925 12:40:42.277" status="PASS"></status>
</kw>
<kw name="Mark Location">
<arguments>
<arg>0</arg>
<arg>1</arg>
</arguments>
<kw library="BuiltIn" name="Catenate">
<doc>Catenates the given items together and returns the resulted string.</doc>
<arguments>
<arg>SEPARATOR=</arg>
<arg>Square</arg>
<arg>${row}</arg>
<arg>${col}</arg>
</arguments>
<assign>
<var>${component}</var>
</assign>
<msg level="INFO" timestamp="20170925 12:40:42.346">${component} = Square01</msg>
<status endtime="20170925 12:40:42.346" starttime="20170925 12:40:42.346" status="PASS"></status>
</kw>
<kw library="SwingLibrary" name="Click On Component">
<doc>Clicks on a component.</doc>
<arguments>
<arg>${component}</arg>
</arguments>
<status endtime="20170925 12:40:42.377" starttime="20170925 12:40:42.361" status="PASS"></status>
</kw>
<status endtime="20170925 12:40:42.377" starttime="20170925 12:40:42.346" status="PASS"></status>
</kw>
<kw name="Check Location">
<arguments>
<arg>0</arg>
<arg>1</arg>
<arg>O</arg>
</arguments>
<kw library="BuiltIn" name="Catenate">
<doc>Catenates the given items together and returns the resulted string.</doc>
<arguments>
<arg>SEPARATOR=</arg>
<arg>Square</arg>
<arg>${row}</arg>
<arg>${col}</arg>
</arguments>
<assign>
<var>${component}</var>
</assign>
<msg level="INFO" timestamp="20170925 12:40:42.393">${component} = Square01</msg>
<status endtime="20170925 12:40:42.393" starttime="20170925 12:40:42.377" status="PASS"></status>
</kw>
<kw library="SwingLibrary" name="Get Button Text">
<doc>Uses current context to search for a button and when found, returns the text it is labeled with.</doc>
<arguments>
<arg>${component}</arg>
</arguments>
<assign>
<var>${text}</var>
</assign>
<msg level="INFO" timestamp="20170925 12:40:42.408">${text} = O</msg>
<status endtime="20170925 12:40:42.408" starttime="20170925 12:40:42.393" status="PASS"></status>
</kw>
<kw library="BuiltIn" name="Should Be Equal">
<doc>Fails if the given objects are unequal.</doc>
<arguments>
<arg>${text}</arg>
<arg>${mark}</arg>
</arguments>
<status endtime="20170925 12:40:42.408" starttime="20170925 12:40:42.408" status="PASS"></status>
</kw>
<status endtime="20170925 12:40:42.408" starttime="20170925 12:40:42.377" status="PASS"></status>
</kw>
<kw name="Mark Location">
<arguments>
<arg>0</arg>
<arg>0</arg>
</arguments>
<kw library="BuiltIn" name="Catenate">
<doc>Catenates the given items together and returns the resulted string.</doc>
<arguments>
<arg>SEPARATOR=</arg>
<arg>Square</arg>
<arg>${row}</arg>
<arg>${col}</arg>
</arguments>
<assign>
<var>${component}</var>
</assign>
<msg level="INFO" timestamp="20170925 12:40:42.424">${component} = Square00</msg>
<status endtime="20170925 12:40:42.424" starttime="20170925 12:40:42.408" status="PASS"></status>
</kw>
<kw library="SwingLibrary" name="Click On Component">
<doc>Clicks on a component.</doc>
<arguments>
<arg>${component}</arg>
</arguments>
<status endtime="20170925 12:40:42.446" starttime="20170925 12:40:42.424" status="PASS"></status>
</kw>
<status endtime="20170925 12:40:42.446" starttime="20170925 12:40:42.408" status="PASS"></status>
</kw>
<kw name="Check Location">
<arguments>
<arg>0</arg>
<arg>0</arg>
<arg>X</arg>
</arguments>
<kw library="BuiltIn" name="Catenate">
<doc>Catenates the given items together and returns the resulted string.</doc>
<arguments>
<arg>SEPARATOR=</arg>
<arg>Square</arg>
<arg>${row}</arg>
<arg>${col}</arg>
</arguments>
<assign>
<var>${component}</var>
</assign>
<msg level="INFO" timestamp="20170925 12:40:42.446">${component} = Square00</msg>
<status endtime="20170925 12:40:42.446" starttime="20170925 12:40:42.446" status="PASS"></status>
</kw>
<kw library="SwingLibrary" name="Get Button Text">
<doc>Uses current context to search for a button and when found, returns the text it is labeled with.</doc>
<arguments>
<arg>${component}</arg>
</arguments>
<assign>
<var>${text}</var>
</assign>
<msg level="INFO" timestamp="20170925 12:40:42.462">${text} = X</msg>
<status endtime="20170925 12:40:42.462" starttime="20170925 12:40:42.446" status="PASS"></status>
</kw>
<kw library="BuiltIn" name="Should Be Equal">
<doc>Fails if the given objects are unequal.</doc>
<arguments>
<arg>${text}</arg>
<arg>${mark}</arg>
</arguments>
<status endtime="20170925 12:40:42.477" starttime="20170925 12:40:42.462" status="PASS"></status>
</kw>
<status endtime="20170925 12:40:42.477" starttime="20170925 12:40:42.446" status="PASS"></status>
</kw>
<kw name="Mark Location">
<arguments>
<arg>0</arg>
<arg>2</arg>
</arguments>
<kw library="BuiltIn" name="Catenate">
<doc>Catenates the given items together and returns the resulted string.</doc>
<arguments>
<arg>SEPARATOR=</arg>
<arg>Square</arg>
<arg>${row}</arg>
<arg>${col}</arg>
</arguments>
<assign>
<var>${component}</var>
</assign>
<msg level="INFO" timestamp="20170925 12:40:42.493">${component} = Square02</msg>
<status endtime="20170925 12:40:42.493" starttime="20170925 12:40:42.477" status="PASS"></status>
</kw>
<kw library="SwingLibrary" name="Click On Component">
<doc>Clicks on a component.</doc>
<arguments>
<arg>${component}</arg>
</arguments>
<status endtime="20170925 12:40:42.509" starttime="20170925 12:40:42.493" status="PASS"></status>
</kw>
<status endtime="20170925 12:40:42.509" starttime="20170925 12:40:42.477" status="PASS"></status>
</kw>
<kw name="Check Location">
<arguments>
<arg>0</arg>
<arg>2</arg>
<arg>O</arg>
</arguments>
<kw library="BuiltIn" name="Catenate">
<doc>Catenates the given items together and returns the resulted string.</doc>
<arguments>
<arg>SEPARATOR=</arg>
<arg>Square</arg>
<arg>${row}</arg>
<arg>${col}</arg>
</arguments>
<assign>
<var>${component}</var>
</assign>
<msg level="INFO" timestamp="20170925 12:40:42.524">${component} = Square02</msg>
<status endtime="20170925 12:40:42.524" starttime="20170925 12:40:42.509" status="PASS"></status>
</kw>
<kw library="SwingLibrary" name="Get Button Text">
<doc>Uses current context to search for a button and when found, returns the text it is labeled with.</doc>
<arguments>
<arg>${component}</arg>
</arguments>
<assign>
<var>${text}</var>
</assign>
<msg level="INFO" timestamp="20170925 12:40:42.524">${text} = O</msg>
<status endtime="20170925 12:40:42.524" starttime="20170925 12:40:42.524" status="PASS"></status>
</kw>
<kw library="BuiltIn" name="Should Be Equal">
<doc>Fails if the given objects are unequal.</doc>
<arguments>
<arg>${text}</arg>
<arg>${mark}</arg>
</arguments>
<status endtime="20170925 12:40:42.542" starttime="20170925 12:40:42.524" status="PASS"></status>
</kw>
<status endtime="20170925 12:40:42.543" starttime="20170925 12:40:42.509" status="PASS"></status>
</kw>
<kw name="Mark Location">
<arguments>
<arg>2</arg>
<arg>2</arg>
</arguments>
<kw library="BuiltIn" name="Catenate">
<doc>Catenates the given items together and returns the resulted string.</doc>
<arguments>
<arg>SEPARATOR=</arg>
<arg>Square</arg>
<arg>${row}</arg>
<arg>${col}</arg>
</arguments>
<assign>
<var>${component}</var>
</assign>
<msg level="INFO" timestamp="20170925 12:40:42.546">${component} = Square22</msg>
<status endtime="20170925 12:40:42.546" starttime="20170925 12:40:42.546" status="PASS"></status>
</kw>
<kw library="SwingLibrary" name="Click On Component">
<doc>Clicks on a component.</doc>
<arguments>
<arg>${component}</arg>
</arguments>
<status endtime="20170925 12:40:42.562" starttime="20170925 12:40:42.546" status="PASS"></status>
</kw>
<status endtime="20170925 12:40:42.562" starttime="20170925 12:40:42.544" status="PASS"></status>
</kw>
<kw name="Check Location">
<arguments>
<arg>2</arg>
<arg>2</arg>
<arg>X</arg>
</arguments>
<kw library="BuiltIn" name="Catenate">
<doc>Catenates the given items together and returns the resulted string.</doc>
<arguments>
<arg>SEPARATOR=</arg>
<arg>Square</arg>
<arg>${row}</arg>
<arg>${col}</arg>
</arguments>
<assign>
<var>${component}</var>
</assign>
<msg level="INFO" timestamp="20170925 12:40:42.578">${component} = Square22</msg>
<status endtime="20170925 12:40:42.578" starttime="20170925 12:40:42.578" status="PASS"></status>
</kw>
<kw library="SwingLibrary" name="Get Button Text">
<doc>Uses current context to search for a button and when found, returns the text it is labeled with.</doc>
<arguments>
<arg>${component}</arg>
</arguments>
<assign>
<var>${text}</var>
</assign>
<msg level="INFO" timestamp="20170925 12:40:42.593">${text} = X</msg>
<status endtime="20170925 12:40:42.593" starttime="20170925 12:40:42.578" status="PASS"></status>
</kw>
<kw library="BuiltIn" name="Should Be Equal">
<doc>Fails if the given objects are unequal.</doc>
<arguments>
<arg>${text}</arg>
<arg>${mark}</arg>
</arguments>
<status endtime="20170925 12:40:42.593" starttime="20170925 12:40:42.593" status="PASS"></status>
</kw>
<status endtime="20170925 12:40:42.593" starttime="20170925 12:40:42.562" status="PASS"></status>
</kw>
<kw name="Winner Should Be">
<arguments>
<arg>X</arg>
</arguments>
<kw library="SwingLibrary" name="Get Label Content">
<doc>Returns the text displayed on a label.</doc>
<arguments>
<arg>ResultLabel</arg>
</arguments>
<assign>
<var>${text}</var>
</assign>
<msg level="INFO" timestamp="20170925 12:40:42.624">${text} = X</msg>
<status endtime="20170925 12:40:42.624" starttime="20170925 12:40:42.593" status="PASS"></status>
</kw>
<kw library="BuiltIn" name="Should Be Equal">
<doc>Fails if the given objects are unequal.</doc>
<arguments>
<arg>${text}</arg>
<arg>${winner}</arg>
</arguments>
<status endtime="20170925 12:40:42.624" starttime="20170925 12:40:42.624" status="PASS"></status>
</kw>
<kw library="SwingLibrary" name="Close Window">
<doc>Closes a window.</doc>
<arguments>
<arg>Tic-Tac-Toe</arg>
</arguments>
<status endtime="20170925 12:40:42.863" starttime="20170925 12:40:42.624" status="PASS"></status>
</kw>
<status endtime="20170925 12:40:42.863" starttime="20170925 12:40:42.593" status="PASS"></status>
</kw>
<status critical="yes" endtime="20170925 12:40:42.863" starttime="20170925 12:40:41.807" status="PASS"></status>
</test>
<test name="Win Horizontally as O" id="s1-s1-t2">
<kw name="Start New Game">
<kw library="SwingLibrary" name="Start Application">
<doc>Alias for `Launch Application` keyword</doc>
<arguments>
<arg>edu.jsu.mcis.TicTacToe</arg>
</arguments>
<status endtime="20170925 12:40:42.942" starttime="20170925 12:40:42.894" status="PASS"></status>
</kw>
<kw library="SwingLibrary" name="Select Window">
<doc>Selects a window as current context and sets focus to it.</doc>
<arguments>
<arg>Tic-Tac-Toe</arg>
</arguments>
<status endtime="20170925 12:40:42.963" starttime="20170925 12:40:42.944" status="PASS"></status>
</kw>
<status endtime="20170925 12:40:42.963" starttime="20170925 12:40:42.894" status="PASS"></status>
</kw>
<kw name="Mark Location">
<arguments>
<arg>1</arg>
<arg>1</arg>
</arguments>
<kw library="BuiltIn" name="Catenate">
<doc>Catenates the given items together and returns the resulted string.</doc>
<arguments>
<arg>SEPARATOR=</arg>
<arg>Square</arg>
<arg>${row}</arg>
<arg>${col}</arg>
</arguments>
<assign>
<var>${component}</var>
</assign>
<msg level="INFO" timestamp="20170925 12:40:42.978">${component} = Square11</msg>
<status endtime="20170925 12:40:42.978" starttime="20170925 12:40:42.963" status="PASS"></status>
</kw>
<kw library="SwingLibrary" name="Click On Component">
<doc>Clicks on a component.</doc>
<arguments>
<arg>${component}</arg>
</arguments>
<status endtime="20170925 12:40:43.010" starttime="20170925 12:40:42.978" status="PASS"></status>
</kw>
<status endtime="20170925 12:40:43.025" starttime="20170925 12:40:42.963" status="PASS"></status>
</kw>
<kw name="Check Location">
<arguments>
<arg>1</arg>
<arg>1</arg>
<arg>X</arg>
</arguments>
<kw library="BuiltIn" name="Catenate">
<doc>Catenates the given items together and returns the resulted string.</doc>
<arguments>
<arg>SEPARATOR=</arg>
<arg>Square</arg>
<arg>${row}</arg>
<arg>${col}</arg>
</arguments>
<assign>
<var>${component}</var>
</assign>
<msg level="INFO" timestamp="20170925 12:40:43.025">${component} = Square11</msg>
<status endtime="20170925 12:40:43.025" starttime="20170925 12:40:43.025" status="PASS"></status>
</kw>
<kw library="SwingLibrary" name="Get Button Text">
<doc>Uses current context to search for a button and when found, returns the text it is labeled with.</doc>
<arguments>
<arg>${component}</arg>
</arguments>
<assign>
<var>${text}</var>
</assign>
<msg level="INFO" timestamp="20170925 12:40:43.048">${text} = X</msg>
<status endtime="20170925 12:40:43.048" starttime="20170925 12:40:43.025" status="PASS"></status>
</kw>
<kw library="BuiltIn" name="Should Be Equal">
<doc>Fails if the given objects are unequal.</doc>
<arguments>
<arg>${text}</arg>
<arg>${mark}</arg>
</arguments>
<status endtime="20170925 12:40:43.048" starttime="20170925 12:40:43.048" status="PASS"></status>
</kw>
<status endtime="20170925 12:40:43.048" starttime="20170925 12:40:43.025" status="PASS"></status>
</kw>
<kw name="Mark Location">
<arguments>
<arg>2</arg>
<arg>0</arg>
</arguments>
<kw library="BuiltIn" name="Catenate">
<doc>Catenates the given items together and returns the resulted string.</doc>
<arguments>
<arg>SEPARATOR=</arg>
<arg>Square</arg>
<arg>${row}</arg>
<arg>${col}</arg>
</arguments>
<assign>
<var>${component}</var>
</assign>
<msg level="INFO" timestamp="20170925 12:40:43.063">${component} = Square20</msg>
<status endtime="20170925 12:40:43.063" starttime="20170925 12:40:43.063" status="PASS"></status>
</kw>
<kw library="SwingLibrary" name="Click On Component">
<doc>Clicks on a component.</doc>
<arguments>
<arg>${component}</arg>
</arguments>
<status endtime="20170925 12:40:43.079" starttime="20170925 12:40:43.063" status="PASS"></status>
</kw>
<status endtime="20170925 12:40:43.079" starttime="20170925 12:40:43.048" status="PASS"></status>
</kw>
<kw name="Check Location">
<arguments>
<arg>2</arg>
<arg>0</arg>
<arg>O</arg>
</arguments>
<kw library="BuiltIn" name="Catenate">
<doc>Catenates the given items together and returns the resulted string.</doc>
<arguments>
<arg>SEPARATOR=</arg>
<arg>Square</arg>
<arg>${row}</arg>
<arg>${col}</arg>
</arguments>
<assign>
<var>${component}</var>
</assign>
<msg level="INFO" timestamp="20170925 12:40:43.094">${component} = Square20</msg>
<status endtime="20170925 12:40:43.094" starttime="20170925 12:40:43.079" status="PASS"></status>
</kw>
<kw library="SwingLibrary" name="Get Button Text">
<doc>Uses current context to search for a button and when found, returns the text it is labeled with.</doc>
<arguments>
<arg>${component}</arg>
</arguments>
<assign>
<var>${text}</var>
</assign>
<msg level="INFO" timestamp="20170925 12:40:43.094">${text} = O</msg>
<status endtime="20170925 12:40:43.094" starttime="20170925 12:40:43.094" status="PASS"></status>
</kw>
<kw library="BuiltIn" name="Should Be Equal">
<doc>Fails if the given objects are unequal.</doc>
<arguments>
<arg>${text}</arg>
<arg>${mark}</arg>
</arguments>
<status endtime="20170925 12:40:43.110" starttime="20170925 12:40:43.094" status="PASS"></status>
</kw>
<status endtime="20170925 12:40:43.110" starttime="20170925 12:40:43.079" status="PASS"></status>
</kw>
<kw name="Mark Location">
<arguments>
<arg>0</arg>
<arg>0</arg>
</arguments>
<kw library="BuiltIn" name="Catenate">
<doc>Catenates the given items together and returns the resulted string.</doc>
<arguments>
<arg>SEPARATOR=</arg>
<arg>Square</arg>
<arg>${row}</arg>
<arg>${col}</arg>
</arguments>
<assign>
<var>${component}</var>
</assign>
<msg level="INFO" timestamp="20170925 12:40:43.110">${component} = Square00</msg>
<status endtime="20170925 12:40:43.110" starttime="20170925 12:40:43.110" status="PASS"></status>
</kw>
<kw library="SwingLibrary" name="Click On Component">
<doc>Clicks on a component.</doc>
<arguments>
<arg>${component}</arg>
</arguments>
<status endtime="20170925 12:40:43.141" starttime="20170925 12:40:43.110" status="PASS"></status>
</kw>
<status endtime="20170925 12:40:43.144" starttime="20170925 12:40:43.110" status="PASS"></status>
</kw>
<kw name="Check Location">
<arguments>
<arg>0</arg>
<arg>0</arg>
<arg>X</arg>
</arguments>
<kw library="BuiltIn" name="Catenate">
<doc>Catenates the given items together and returns the resulted string.</doc>
<arguments>
<arg>SEPARATOR=</arg>
<arg>Square</arg>
<arg>${row}</arg>
<arg>${col}</arg>
</arguments>
<assign>
<var>${component}</var>
</assign>
<msg level="INFO" timestamp="20170925 12:40:43.148">${component} = Square00</msg>
<status endtime="20170925 12:40:43.148" starttime="20170925 12:40:43.148" status="PASS"></status>
</kw>
<kw library="SwingLibrary" name="Get Button Text">
<doc>Uses current context to search for a button and when found, returns the text it is labeled with.</doc>
<arguments>
<arg>${component}</arg>
</arguments>
<assign>
<var>${text}</var>
</assign>
<msg level="INFO" timestamp="20170925 12:40:43.148">${text} = X</msg>
<status endtime="20170925 12:40:43.148" starttime="20170925 12:40:43.148" status="PASS"></status>
</kw>
<kw library="BuiltIn" name="Should Be Equal">
<doc>Fails if the given objects are unequal.</doc>
<arguments>
<arg>${text}</arg>
<arg>${mark}</arg>
</arguments>
<status endtime="20170925 12:40:43.163" starttime="20170925 12:40:43.163" status="PASS"></status>
</kw>
<status endtime="20170925 12:40:43.163" starttime="20170925 12:40:43.145" status="PASS"></status>
</kw>
<kw name="Mark Location">
<arguments>
<arg>2</arg>
<arg>2</arg>
</arguments>
<kw library="BuiltIn" name="Catenate">
<doc>Catenates the given items together and returns the resulted string.</doc>
<arguments>
<arg>SEPARATOR=</arg>
<arg>Square</arg>
<arg>${row}</arg>
<arg>${col}</arg>
</arguments>
<assign>
<var>${component}</var>
</assign>
<msg level="INFO" timestamp="20170925 12:40:43.163">${component} = Square22</msg>
<status endtime="20170925 12:40:43.163" starttime="20170925 12:40:43.163" status="PASS"></status>
</kw>
<kw library="SwingLibrary" name="Click On Component">
<doc>Clicks on a component.</doc>
<arguments>
<arg>${component}</arg>
</arguments>
<status endtime="20170925 12:40:43.179" starttime="20170925 12:40:43.179" status="PASS"></status>
</kw>
<status endtime="20170925 12:40:43.179" starttime="20170925 12:40:43.163" status="PASS"></status>
</kw>
<kw name="Check Location">
<arguments>
<arg>2</arg>
<arg>2</arg>
<arg>O</arg>
</arguments>
<kw library="BuiltIn" name="Catenate">
<doc>Catenates the given items together and returns the resulted string.</doc>
<arguments>
<arg>SEPARATOR=</arg>
<arg>Square</arg>
<arg>${row}</arg>
<arg>${col}</arg>
</arguments>
<assign>
<var>${component}</var>
</assign>
<msg level="INFO" timestamp="20170925 12:40:43.195">${component} = Square22</msg>
<status endtime="20170925 12:40:43.195" starttime="20170925 12:40:43.195" status="PASS"></status>
</kw>
<kw library="SwingLibrary" name="Get Button Text">
<doc>Uses current context to search for a button and when found, returns the text it is labeled with.</doc>
<arguments>
<arg>${component}</arg>
</arguments>
<assign>
<var>${text}</var>
</assign>
<msg level="INFO" timestamp="20170925 12:40:43.210">${text} = O</msg>
<status endtime="20170925 12:40:43.210" starttime="20170925 12:40:43.195" status="PASS"></status>
</kw>
<kw library="BuiltIn" name="Should Be Equal">
<doc>Fails if the given objects are unequal.</doc>
<arguments>
<arg>${text}</arg>
<arg>${mark}</arg>
</arguments>
<status endtime="20170925 12:40:43.210" starttime="20170925 12:40:43.210" status="PASS"></status>
</kw>
<status endtime="20170925 12:40:43.210" starttime="20170925 12:40:43.179" status="PASS"></status>
</kw>
<kw name="Mark Location">
<arguments>
<arg>0</arg>
<arg>2</arg>
</arguments>
<kw library="BuiltIn" name="Catenate">
<doc>Catenates the given items together and returns the resulted string.</doc>
<arguments>
<arg>SEPARATOR=</arg>
<arg>Square</arg>
<arg>${row}</arg>
<arg>${col}</arg>
</arguments>
<assign>
<var>${component}</var>
</assign>
<msg level="INFO" timestamp="20170925 12:40:43.226">${component} = Square02</msg>
<status endtime="20170925 12:40:43.226" starttime="20170925 12:40:43.210" status="PASS"></status>
</kw>
<kw library="SwingLibrary" name="Click On Component">
<doc>Clicks on a component.</doc>
<arguments>
<arg>${component}</arg>
</arguments>
<status endtime="20170925 12:40:43.247" starttime="20170925 12:40:43.226" status="PASS"></status>
</kw>
<status endtime="20170925 12:40:43.248" starttime="20170925 12:40:43.210" status="PASS"></status>
</kw>
<kw name="Check Location">
<arguments>
<arg>0</arg>
<arg>2</arg>
<arg>X</arg>
</arguments>
<kw library="BuiltIn" name="Catenate">
<doc>Catenates the given items together and returns the resulted string.</doc>
<arguments>
<arg>SEPARATOR=</arg>
<arg>Square</arg>
<arg>${row}</arg>
<arg>${col}</arg>
</arguments>
<assign>
<var>${component}</var>
</assign>
<msg level="INFO" timestamp="20170925 12:40:43.248">${component} = Square02</msg>
<status endtime="20170925 12:40:43.248" starttime="20170925 12:40:43.248" status="PASS"></status>
</kw>
<kw library="SwingLibrary" name="Get Button Text">
<doc>Uses current context to search for a button and when found, returns the text it is labeled with.</doc>
<arguments>
<arg>${component}</arg>
</arguments>
<assign>
<var>${text}</var>
</assign>
<msg level="INFO" timestamp="20170925 12:40:43.264">${text} = X</msg>
<status endtime="20170925 12:40:43.264" starttime="20170925 12:40:43.248" status="PASS"></status>
</kw>
<kw library="BuiltIn" name="Should Be Equal">
<doc>Fails if the given objects are unequal.</doc>
<arguments>
<arg>${text}</arg>
<arg>${mark}</arg>
</arguments>
<status endtime="20170925 12:40:43.264" starttime="20170925 12:40:43.264" status="PASS"></status>
</kw>
<status endtime="20170925 12:40:43.264" starttime="20170925 12:40:43.248" status="PASS"></status>
</kw>
<kw name="Mark Location">
<arguments>
<arg>2</arg>
<arg>1</arg>
</arguments>
<kw library="BuiltIn" name="Catenate">
<doc>Catenates the given items together and returns the resulted string.</doc>
<arguments>
<arg>SEPARATOR=</arg>
<arg>Square</arg>
<arg>${row}</arg>
<arg>${col}</arg>
</arguments>
<assign>
<var>${component}</var>
</assign>
<msg level="INFO" timestamp="20170925 12:40:43.264">${component} = Square21</msg>
<status endtime="20170925 12:40:43.264" starttime="20170925 12:40:43.264" status="PASS"></status>
</kw>
<kw library="SwingLibrary" name="Click On Component">
<doc>Clicks on a component.</doc>
<arguments>
<arg>${component}</arg>
</arguments>
<status endtime="20170925 12:40:43.279" starttime="20170925 12:40:43.264" status="PASS"></status>
</kw>
<status endtime="20170925 12:40:43.279" starttime="20170925 12:40:43.264" status="PASS"></status>
</kw>
<kw name="Check Location">
<arguments>
<arg>2</arg>
<arg>1</arg>
<arg>O</arg>
</arguments>
<kw library="BuiltIn" name="Catenate">
<doc>Catenates the given items together and returns the resulted string.</doc>
<arguments>
<arg>SEPARATOR=</arg>
<arg>Square</arg>
<arg>${row}</arg>
<arg>${col}</arg>
</arguments>
<assign>
<var>${component}</var>
</assign>
<msg level="INFO" timestamp="20170925 12:40:43.295">${component} = Square21</msg>
<status endtime="20170925 12:40:43.295" starttime="20170925 12:40:43.295" status="PASS"></status>
</kw>
<kw library="SwingLibrary" name="Get Button Text">
<doc>Uses current context to search for a button and when found, returns the text it is labeled with.</doc>
<arguments>
<arg>${component}</arg>
</arguments>
<assign>
<var>${text}</var>
</assign>
<msg level="INFO" timestamp="20170925 12:40:43.311">${text} = O</msg>
<status endtime="20170925 12:40:43.311" starttime="20170925 12:40:43.295" status="PASS"></status>
</kw>
<kw library="BuiltIn" name="Should Be Equal">
<doc>Fails if the given objects are unequal.</doc>
<arguments>
<arg>${text}</arg>
<arg>${mark}</arg>
</arguments>
<status endtime="20170925 12:40:43.311" starttime="20170925 12:40:43.311" status="PASS"></status>
</kw>
<status endtime="20170925 12:40:43.311" starttime="20170925 12:40:43.279" status="PASS"></status>
</kw>
<kw name="Winner Should Be">
<arguments>
<arg>O</arg>
</arguments>
<kw library="SwingLibrary" name="Get Label Content">
<doc>Returns the text displayed on a label.</doc>
<arguments>
<arg>ResultLabel</arg>
</arguments>
<assign>
<var>${text}</var>
</assign>
<msg level="INFO" timestamp="20170925 12:40:43.326">${text} = O</msg>
<status endtime="20170925 12:40:43.326" starttime="20170925 12:40:43.311" status="PASS"></status>
</kw>
<kw library="BuiltIn" name="Should Be Equal">
<doc>Fails if the given objects are unequal.</doc>
<arguments>
<arg>${text}</arg>
<arg>${winner}</arg>
</arguments>
<status endtime="20170925 12:40:43.326" starttime="20170925 12:40:43.326" status="PASS"></status>
</kw>
<kw library="SwingLibrary" name="Close Window">
<doc>Closes a window.</doc>
<arguments>
<arg>Tic-Tac-Toe</arg>
</arguments>
<status endtime="20170925 12:40:43.547" starttime="20170925 12:40:43.326" status="PASS"></status>
</kw>
<status endtime="20170925 12:40:43.548" starttime="20170925 12:40:43.311" status="PASS"></status>
</kw>
<status critical="yes" endtime="20170925 12:40:43.548" starttime="20170925 12:40:42.878" status="PASS"></status>
</test>
<test name="Force a Tie" id="s1-s1-t3">
<kw name="Start New Game">
<kw library="SwingLibrary" name="Start Application">
<doc>Alias for `Launch Application` keyword</doc>
<arguments>
<arg>edu.jsu.mcis.TicTacToe</arg>
</arguments>
<status endtime="20170925 12:40:43.639" starttime="20170925 12:40:43.580" status="PASS"></status>
</kw>
<kw library="SwingLibrary" name="Select Window">
<doc>Selects a window as current context and sets focus to it.</doc>
<arguments>
<arg>Tic-Tac-Toe</arg>
</arguments>
<status endtime="20170925 12:40:43.670" starttime="20170925 12:40:43.641" status="PASS"></status>
</kw>
<status endtime="20170925 12:40:43.670" starttime="20170925 12:40:43.564" status="PASS"></status>
</kw>
<kw name="Mark Location">
<arguments>
<arg>1</arg>
<arg>1</arg>
</arguments>
<kw library="BuiltIn" name="Catenate">
<doc>Catenates the given items together and returns the resulted string.</doc>
<arguments>
<arg>SEPARATOR=</arg>
<arg>Square</arg>
<arg>${row}</arg>
<arg>${col}</arg>
</arguments>
<assign>
<var>${component}</var>
</assign>
<msg level="INFO" timestamp="20170925 12:40:43.686">${component} = Square11</msg>
<status endtime="20170925 12:40:43.686" starttime="20170925 12:40:43.670" status="PASS"></status>
</kw>
<kw library="SwingLibrary" name="Click On Component">
<doc>Clicks on a component.</doc>
<arguments>
<arg>${component}</arg>
</arguments>
<status endtime="20170925 12:40:43.704" starttime="20170925 12:40:43.686" status="PASS"></status>
</kw>
<status endtime="20170925 12:40:43.704" starttime="20170925 12:40:43.670" status="PASS"></status>
</kw>
<kw name="Check Location">
<arguments>
<arg>1</arg>
<arg>1</arg>
<arg>X</arg>
</arguments>
<kw library="BuiltIn" name="Catenate">
<doc>Catenates the given items together and returns the resulted string.</doc>
<arguments>
<arg>SEPARATOR=</arg>
<arg>Square</arg>
<arg>${row}</arg>
<arg>${col}</arg>
</arguments>
<assign>
<var>${component}</var>
</assign>
<msg level="INFO" timestamp="20170925 12:40:43.704">${component} = Square11</msg>
<status endtime="20170925 12:40:43.704" starttime="20170925 12:40:43.704" status="PASS"></status>
</kw>
<kw library="SwingLibrary" name="Get Button Text">
<doc>Uses current context to search for a button and when found, returns the text it is labeled with.</doc>
<arguments>
<arg>${component}</arg>
</arguments>
<assign>
<var>${text}</var>
</assign>
<msg level="INFO" timestamp="20170925 12:40:43.720">${text} = X</msg>
<status endtime="20170925 12:40:43.720" starttime="20170925 12:40:43.704" status="PASS"></status>
</kw>
<kw library="BuiltIn" name="Should Be Equal">
<doc>Fails if the given objects are unequal.</doc>
<arguments>
<arg>${text}</arg>
<arg>${mark}</arg>
</arguments>
<status endtime="20170925 12:40:43.720" starttime="20170925 12:40:43.720" status="PASS"></status>
</kw>
<status endtime="20170925 12:40:43.720" starttime="20170925 12:40:43.704" status="PASS"></status>
</kw>
<kw name="Mark Location">
<arguments>
<arg>0</arg>
<arg>0</arg>
</arguments>
<kw library="BuiltIn" name="Catenate">
<doc>Catenates the given items together and returns the resulted string.</doc>
<arguments>
<arg>SEPARATOR=</arg>
<arg>Square</arg>
<arg>${row}</arg>
<arg>${col}</arg>
</arguments>
<assign>
<var>${component}</var>
</assign>
<msg level="INFO" timestamp="20170925 12:40:43.739">${component} = Square00</msg>
<status endtime="20170925 12:40:43.740" starttime="20170925 12:40:43.720" status="PASS"></status>
</kw>
<kw library="SwingLibrary" name="Click On Component">
<doc>Clicks on a component.</doc>
<arguments>
<arg>${component}</arg>
</arguments>
<status endtime="20170925 12:40:43.749" starttime="20170925 12:40:43.741" status="PASS"></status>
</kw>
<status endtime="20170925 12:40:43.749" starttime="20170925 12:40:43.720" status="PASS"></status>
</kw>
<kw name="Check Location">
<arguments>
<arg>0</arg>
<arg>0</arg>
<arg>O</arg>
</arguments>
<kw library="BuiltIn" name="Catenate">
<doc>Catenates the given items together and returns the resulted string.</doc>
<arguments>
<arg>SEPARATOR=</arg>
<arg>Square</arg>
<arg>${row}</arg>
<arg>${col}</arg>
</arguments>
<assign>
<var>${component}</var>
</assign>
<msg level="INFO" timestamp="20170925 12:40:43.764">${component} = Square00</msg>
<status endtime="20170925 12:40:43.764" starttime="20170925 12:40:43.764" status="PASS"></status>
</kw>
<kw library="SwingLibrary" name="Get Button Text">
<doc>Uses current context to search for a button and when found, returns the text it is labeled with.</doc>
<arguments>
<arg>${component}</arg>
</arguments>
<assign>
<var>${text}</var>
</assign>
<msg level="INFO" timestamp="20170925 12:40:43.764">${text} = O</msg>
<status endtime="20170925 12:40:43.780" starttime="20170925 12:40:43.764" status="PASS"></status>
</kw>
<kw library="BuiltIn" name="Should Be Equal">
<doc>Fails if the given objects are unequal.</doc>
<arguments>
<arg>${text}</arg>
<arg>${mark}</arg>
</arguments>
<status endtime="20170925 12:40:43.780" starttime="20170925 12:40:43.780" status="PASS"></status>
</kw>
<status endtime="20170925 12:40:43.780" starttime="20170925 12:40:43.749" status="PASS"></status>
</kw>
<kw name="Mark Location">
<arguments>
<arg>2</arg>
<arg>0</arg>
</arguments>
<kw library="BuiltIn" name="Catenate">
<doc>Catenates the given items together and returns the resulted string.</doc>
<arguments>
<arg>SEPARATOR=</arg>
<arg>Square</arg>
<arg>${row}</arg>
<arg>${col}</arg>
</arguments>
<assign>
<var>${component}</var>
</assign>
<msg level="INFO" timestamp="20170925 12:40:43.780">${component} = Square20</msg>
<status endtime="20170925 12:40:43.780" starttime="20170925 12:40:43.780" status="PASS"></status>
</kw>
<kw library="SwingLibrary" name="Click On Component">
<doc>Clicks on a component.</doc>
<arguments>
<arg>${component}</arg>
</arguments>
<status endtime="20170925 12:40:43.795" starttime="20170925 12:40:43.780" status="PASS"></status>
</kw>
<status endtime="20170925 12:40:43.795" starttime="20170925 12:40:43.780" status="PASS"></status>
</kw>
<kw name="Check Location">
<arguments>
<arg>2</arg>
<arg>0</arg>
<arg>X</arg>
</arguments>
<kw library="BuiltIn" name="Catenate">
<doc>Catenates the given items together and returns the resulted string.</doc>
<arguments>
<arg>SEPARATOR=</arg>
<arg>Square</arg>
<arg>${row}</arg>
<arg>${col}</arg>
</arguments>
<assign>
<var>${component}</var>
</assign>
<msg level="INFO" timestamp="20170925 12:40:43.811">${component} = Square20</msg>
<status endtime="20170925 12:40:43.811" starttime="20170925 12:40:43.811" status="PASS"></status>
</kw>
<kw library="SwingLibrary" name="Get Button Text">
<doc>Uses current context to search for a button and when found, returns the text it is labeled with.</doc>
<arguments>
<arg>${component}</arg>
</arguments>
<assign>
<var>${text}</var>
</assign>
<msg level="INFO" timestamp="20170925 12:40:43.811">${text} = X</msg>
<status endtime="20170925 12:40:43.811" starttime="20170925 12:40:43.811" status="PASS"></status>
</kw>
<kw library="BuiltIn" name="Should Be Equal">
<doc>Fails if the given objects are unequal.</doc>
<arguments>
<arg>${text}</arg>
<arg>${mark}</arg>
</arguments>
<status endtime="20170925 12:40:43.827" starttime="20170925 12:40:43.827" status="PASS"></status>
</kw>
<status endtime="20170925 12:40:43.827" starttime="20170925 12:40:43.811" status="PASS"></status>
</kw>
<kw name="Mark Location">
<arguments>
<arg>0</arg>
<arg>2</arg>
</arguments>
<kw library="BuiltIn" name="Catenate">
<doc>Catenates the given items together and returns the resulted string.</doc>
<arguments>
<arg>SEPARATOR=</arg>
<arg>Square</arg>
<arg>${row}</arg>
<arg>${col}</arg>
</arguments>
<assign>
<var>${component}</var>
</assign>
<msg level="INFO" timestamp="20170925 12:40:43.827">${component} = Square02</msg>
<status endtime="20170925 12:40:43.827" starttime="20170925 12:40:43.827" status="PASS"></status>
</kw>
<kw library="SwingLibrary" name="Click On Component">
<doc>Clicks on a component.</doc>
<arguments>
<arg>${component}</arg>
</arguments>
<status endtime="20170925 12:40:43.848" starttime="20170925 12:40:43.827" status="PASS"></status>
</kw>
<status endtime="20170925 12:40:43.848" starttime="20170925 12:40:43.827" status="PASS"></status>
</kw>
<kw name="Check Location">
<arguments>
<arg>0</arg>
<arg>2</arg>
<arg>O</arg>
</arguments>
<kw library="BuiltIn" name="Catenate">
<doc>Catenates the given items together and returns the resulted string.</doc>
<arguments>
<arg>SEPARATOR=</arg>
<arg>Square</arg>
<arg>${row}</arg>
<arg>${col}</arg>
</arguments>
<assign>
<var>${component}</var>
</assign>
<msg level="INFO" timestamp="20170925 12:40:43.848">${component} = Square02</msg>
<status endtime="20170925 12:40:43.848" starttime="20170925 12:40:43.848" status="PASS"></status>
</kw>
<kw library="SwingLibrary" name="Get Button Text">
<doc>Uses current context to search for a button and when found, returns the text it is labeled with.</doc>
<arguments>
<arg>${component}</arg>
</arguments>
<assign>
<var>${text}</var>
</assign>
<msg level="INFO" timestamp="20170925 12:40:43.864">${text} = O</msg>
<status endtime="20170925 12:40:43.864" starttime="20170925 12:40:43.848" status="PASS"></status>
</kw>
<kw library="BuiltIn" name="Should Be Equal">
<doc>Fails if the given objects are unequal.</doc>
<arguments>
<arg>${text}</arg>
<arg>${mark}</arg>
</arguments>
<status endtime="20170925 12:40:43.864" starttime="20170925 12:40:43.864" status="PASS"></status>
</kw>
<status endtime="20170925 12:40:43.864" starttime="20170925 12:40:43.848" status="PASS"></status>
</kw>
<kw name="Mark Location">
<arguments>
<arg>0</arg>
<arg>1</arg>
</arguments>
<kw library="BuiltIn" name="Catenate">
<doc>Catenates the given items together and returns the resulted string.</doc>
<arguments>
<arg>SEPARATOR=</arg>
<arg>Square</arg>
<arg>${row}</arg>
<arg>${col}</arg>
</arguments>
<assign>
<var>${component}</var>
</assign>
<msg level="INFO" timestamp="20170925 12:40:43.880">${component} = Square01</msg>
<status endtime="20170925 12:40:43.880" starttime="20170925 12:40:43.880" status="PASS"></status>
</kw>
<kw library="SwingLibrary" name="Click On Component">
<doc>Clicks on a component.</doc>
<arguments>
<arg>${component}</arg>
</arguments>
<status endtime="20170925 12:40:43.895" starttime="20170925 12:40:43.880" status="PASS"></status>
</kw>
<status endtime="20170925 12:40:43.895" starttime="20170925 12:40:43.864" status="PASS"></status>
</kw>
<kw name="Check Location">
<arguments>
<arg>0</arg>
<arg>1</arg>
<arg>X</arg>
</arguments>
<kw library="BuiltIn" name="Catenate">
<doc>Catenates the given items together and returns the resulted string.</doc>
<arguments>
<arg>SEPARATOR=</arg>
<arg>Square</arg>
<arg>${row}</arg>
<arg>${col}</arg>
</arguments>
<assign>
<var>${component}</var>
</assign>
<msg level="INFO" timestamp="20170925 12:40:43.895">${component} = Square01</msg>
<status endtime="20170925 12:40:43.895" starttime="20170925 12:40:43.895" status="PASS"></status>
</kw>
<kw library="SwingLibrary" name="Get Button Text">
<doc>Uses current context to search for a button and when found, returns the text it is labeled with.</doc>
<arguments>
<arg>${component}</arg>
</arguments>
<assign>
<var>${text}</var>
</assign>
<msg level="INFO" timestamp="20170925 12:40:43.911">${text} = X</msg>
<status endtime="20170925 12:40:43.911" starttime="20170925 12:40:43.911" status="PASS"></status>
</kw>
<kw library="BuiltIn" name="Should Be Equal">
<doc>Fails if the given objects are unequal.</doc>
<arguments>
<arg>${text}</arg>
<arg>${mark}</arg>
</arguments>
<status endtime="20170925 12:40:43.911" starttime="20170925 12:40:43.911" status="PASS"></status>
</kw>
<status endtime="20170925 12:40:43.911" starttime="20170925 12:40:43.895" status="PASS"></status>
</kw>
<kw name="Mark Location">
<arguments>
<arg>2</arg>
<arg>1</arg>
</arguments>
<kw library="BuiltIn" name="Catenate">
<doc>Catenates the given items together and returns the resulted string.</doc>
<arguments>
<arg>SEPARATOR=</arg>
<arg>Square</arg>
<arg>${row}</arg>
<arg>${col}</arg>
</arguments>
<assign>
<var>${component}</var>
</assign>
<msg level="INFO" timestamp="20170925 12:40:43.927">${component} = Square21</msg>
<status endtime="20170925 12:40:43.927" starttime="20170925 12:40:43.911" status="PASS"></status>
</kw>
<kw library="SwingLibrary" name="Click On Component">
<doc>Clicks on a component.</doc>
<arguments>
<arg>${component}</arg>
</arguments>
<status endtime="20170925 12:40:43.927" starttime="20170925 12:40:43.927" status="PASS"></status>
</kw>
<status endtime="20170925 12:40:43.927" starttime="20170925 12:40:43.911" status="PASS"></status>
</kw>
<kw name="Check Location">
<arguments>
<arg>2</arg>
<arg>1</arg>
<arg>O</arg>
</arguments>
<kw library="BuiltIn" name="Catenate">
<doc>Catenates the given items together and returns the resulted string.</doc>
<arguments>
<arg>SEPARATOR=</arg>
<arg>Square</arg>
<arg>${row}</arg>
<arg>${col}</arg>
</arguments>
<assign>
<var>${component}</var>
</assign>
<msg level="INFO" timestamp="20170925 12:40:43.947">${component} = Square21</msg>
<status endtime="20170925 12:40:43.947" starttime="20170925 12:40:43.944" status="PASS"></status>
</kw>
<kw library="SwingLibrary" name="Get Button Text">
<doc>Uses current context to search for a button and when found, returns the text it is labeled with.</doc>
<arguments>
<arg>${component}</arg>
</arguments>
<assign>
<var>${text}</var>
</assign>
<msg level="INFO" timestamp="20170925 12:40:43.949">${text} = O</msg>
<status endtime="20170925 12:40:43.949" starttime="20170925 12:40:43.949" status="PASS"></status>
</kw>
<kw library="BuiltIn" name="Should Be Equal">
<doc>Fails if the given objects are unequal.</doc>
<arguments>
<arg>${text}</arg>
<arg>${mark}</arg>
</arguments>
<status endtime="20170925 12:40:43.949" starttime="20170925 12:40:43.949" status="PASS"></status>
</kw>
<status endtime="20170925 12:40:43.949" starttime="20170925 12:40:43.927" status="PASS"></status>
</kw>
<kw name="Mark Location">
<arguments>
<arg>1</arg>
<arg>2</arg>
</arguments>
<kw library="BuiltIn" name="Catenate">
<doc>Catenates the given items together and returns the resulted string.</doc>
<arguments>
<arg>SEPARATOR=</arg>
<arg>Square</arg>
<arg>${row}</arg>
<arg>${col}</arg>
</arguments>
<assign>
<var>${component}</var>
</assign>
<msg level="INFO" timestamp="20170925 12:40:43.964">${component} = Square12</msg>
<status endtime="20170925 12:40:43.964" starttime="20170925 12:40:43.949" status="PASS"></status>
</kw>
<kw library="SwingLibrary" name="Click On Component">
<doc>Clicks on a component.</doc>
<arguments>
<arg>${component}</arg>
</arguments>
<status endtime="20170925 12:40:43.964" starttime="20170925 12:40:43.964" status="PASS"></status>
</kw>
<status endtime="20170925 12:40:43.980" starttime="20170925 12:40:43.949" status="PASS"></status>
</kw>
<kw name="Check Location">
<arguments>
<arg>1</arg>
<arg>2</arg>
<arg>X</arg>
</arguments>
<kw library="BuiltIn" name="Catenate">
<doc>Catenates the given items together and returns the resulted string.</doc>
<arguments>
<arg>SEPARATOR=</arg>
<arg>Square</arg>
<arg>${row}</arg>
<arg>${col}</arg>
</arguments>
<assign>
<var>${component}</var>
</assign>
<msg level="INFO" timestamp="20170925 12:40:43.980">${component} = Square12</msg>
<status endtime="20170925 12:40:43.980" starttime="20170925 12:40:43.980" status="PASS"></status>
</kw>
<kw library="SwingLibrary" name="Get Button Text">
<doc>Uses current context to search for a button and when found, returns the text it is labeled with.</doc>
<arguments>
<arg>${component}</arg>
</arguments>
<assign>
<var>${text}</var>
</assign>
<msg level="INFO" timestamp="20170925 12:40:43.980">${text} = X</msg>
<status endtime="20170925 12:40:43.980" starttime="20170925 12:40:43.980" status="PASS"></status>
</kw>
<kw library="BuiltIn" name="Should Be Equal">
<doc>Fails if the given objects are unequal.</doc>
<arguments>
<arg>${text}</arg>
<arg>${mark}</arg>
</arguments>
<status endtime="20170925 12:40:43.996" starttime="20170925 12:40:43.996" status="PASS"></status>
</kw>
<status endtime="20170925 12:40:43.996" starttime="20170925 12:40:43.980" status="PASS"></status>
</kw>
<kw name="Mark Location">
<arguments>
<arg>1</arg>
<arg>0</arg>
</arguments>
<kw library="BuiltIn" name="Catenate">
<doc>Catenates the given items together and returns the resulted string.</doc>
<arguments>
<arg>SEPARATOR=</arg>
<arg>Square</arg>
<arg>${row}</arg>
<arg>${col}</arg>
</arguments>
<assign>
<var>${component}</var>
</assign>
<msg level="INFO" timestamp="20170925 12:40:43.996">${component} = Square10</msg>
<status endtime="20170925 12:40:43.996" starttime="20170925 12:40:43.996" status="PASS"></status>
</kw>
<kw library="SwingLibrary" name="Click On Component">
<doc>Clicks on a component.</doc>
<arguments>
<arg>${component}</arg>
</arguments>
<status endtime="20170925 12:40:44.011" starttime="20170925 12:40:43.996" status="PASS"></status>
</kw>
<status endtime="20170925 12:40:44.011" starttime="20170925 12:40:43.996" status="PASS"></status>
</kw>
<kw name="Check Location">
<arguments>
<arg>1</arg>
<arg>0</arg>
<arg>O</arg>
</arguments>
<kw library="BuiltIn" name="Catenate">
<doc>Catenates the given items together and returns the resulted string.</doc>
<arguments>
<arg>SEPARATOR=</arg>
<arg>Square</arg>
<arg>${row}</arg>
<arg>${col}</arg>
</arguments>
<assign>
<var>${component}</var>
</assign>
<msg level="INFO" timestamp="20170925 12:40:44.027">${component} = Square10</msg>
<status endtime="20170925 12:40:44.027" starttime="20170925 12:40:44.011" status="PASS"></status>
</kw>
<kw library="SwingLibrary" name="Get Button Text">
<doc>Uses current context to search for a button and when found, returns the text it is labeled with.</doc>
<arguments>
<arg>${component}</arg>
</arguments>
<assign>
<var>${text}</var>
</assign>
<msg level="INFO" timestamp="20170925 12:40:44.027">${text} = O</msg>
<status endtime="20170925 12:40:44.027" starttime="20170925 12:40:44.027" status="PASS"></status>
</kw>
<kw library="BuiltIn" name="Should Be Equal">
<doc>Fails if the given objects are unequal.</doc>
<arguments>
<arg>${text}</arg>
<arg>${mark}</arg>
</arguments>
<status endtime="20170925 12:40:44.044" starttime="20170925 12:40:44.027" status="PASS"></status>
</kw>
<status endtime="20170925 12:40:44.045" starttime="20170925 12:40:44.011" status="PASS"></status>
</kw>
<kw name="Mark Location">
<arguments>
<arg>2</arg>
<arg>2</arg>
</arguments>
<kw library="BuiltIn" name="Catenate">
<doc>Catenates the given items together and returns the resulted string.</doc>
<arguments>
<arg>SEPARATOR=</arg>
<arg>Square</arg>
<arg>${row}</arg>
<arg>${col}</arg>
</arguments>
<assign>
<var>${component}</var>
</assign>
<msg level="INFO" timestamp="20170925 12:40:44.049">${component} = Square22</msg>
<status endtime="20170925 12:40:44.049" starttime="20170925 12:40:44.049" status="PASS"></status>
</kw>
<kw library="SwingLibrary" name="Click On Component">
<doc>Clicks on a component.</doc>
<arguments>
<arg>${component}</arg>
</arguments>
<status endtime="20170925 12:40:44.065" starttime="20170925 12:40:44.049" status="PASS"></status>
</kw>
<status endtime="20170925 12:40:44.065" starttime="20170925 12:40:44.046" status="PASS"></status>
</kw>
<kw name="Check Location">
<arguments>
<arg>2</arg>
<arg>2</arg>
<arg>X</arg>
</arguments>
<kw library="BuiltIn" name="Catenate">
<doc>Catenates the given items together and returns the resulted string.</doc>
<arguments>
<arg>SEPARATOR=</arg>
<arg>Square</arg>
<arg>${row}</arg>
<arg>${col}</arg>
</arguments>
<assign>
<var>${component}</var>
</assign>
<msg level="INFO" timestamp="20170925 12:40:44.065">${component} = Square22</msg>
<status endtime="20170925 12:40:44.065" starttime="20170925 12:40:44.065" status="PASS"></status>
</kw>
<kw library="SwingLibrary" name="Get Button Text">
<doc>Uses current context to search for a button and when found, returns the text it is labeled with.</doc>
<arguments>
<arg>${component}</arg>
</arguments>
<assign>
<var>${text}</var>
</assign>
<msg level="INFO" timestamp="20170925 12:40:44.080">${text} = X</msg>
<status endtime="20170925 12:40:44.080" starttime="20170925 12:40:44.065" status="PASS"></status>
</kw>
<kw library="BuiltIn" name="Should Be Equal">
<doc>Fails if the given objects are unequal.</doc>
<arguments>
<arg>${text}</arg>
<arg>${mark}</arg>
</arguments>
<status endtime="20170925 12:40:44.080" starttime="20170925 12:40:44.080" status="PASS"></status>
</kw>
<status endtime="20170925 12:40:44.080" starttime="20170925 12:40:44.065" status="PASS"></status>
</kw>
<kw name="Winner Should Be">
<arguments>
<arg>TIE</arg>
</arguments>
<kw library="SwingLibrary" name="Get Label Content">
<doc>Returns the text displayed on a label.</doc>
<arguments>
<arg>ResultLabel</arg>
</arguments>
<assign>
<var>${text}</var>
</assign>
<msg level="INFO" timestamp="20170925 12:40:44.096">${text} = TIE</msg>
<status endtime="20170925 12:40:44.096" starttime="20170925 12:40:44.080" status="PASS"></status>
</kw>
<kw library="BuiltIn" name="Should Be Equal">
<doc>Fails if the given objects are unequal.</doc>
<arguments>
<arg>${text}</arg>
<arg>${winner}</arg>
</arguments>
<status endtime="20170925 12:40:44.096" starttime="20170925 12:40:44.096" status="PASS"></status>
</kw>
<kw library="SwingLibrary" name="Close Window">
<doc>Closes a window.</doc>
<arguments>
<arg>Tic-Tac-Toe</arg>
</arguments>
<status endtime="20170925 12:40:44.296" starttime="20170925 12:40:44.096" status="PASS"></status>
</kw>
<status endtime="20170925 12:40:44.296" starttime="20170925 12:40:44.080" status="PASS"></status>
</kw>
<status critical="yes" endtime="20170925 12:40:44.296" starttime="20170925 12:40:43.548" status="PASS"></status>
</test>
<status endtime="20170925 12:40:44.327" starttime="20170925 12:40:30.978" status="PASS"></status>
</suite>
<suite source="C:\Users\Travis\Desktop\cs310-tic-tac-toe\src\test\acceptancetest\TicTacToeTests.robot" name="TicTacToeTests" id="s1-s2">
<test name="Win Diagonally as X" id="s1-s2-t1">
<kw library="keywords.TicTacToeKeywords" name="Start New Game">
<status endtime="20170925 12:40:44.465" starttime="20170925 12:40:44.465" status="PASS"></status>
</kw>
<kw library="keywords.TicTacToeKeywords" name="Mark Location">
<arguments>
<arg>1</arg>
<arg>1</arg>
</arguments>
<status endtime="20170925 12:40:44.465" starttime="20170925 12:40:44.465" status="PASS"></status>
</kw>
<kw name="Check Location">
<arguments>
<arg>1</arg>
<arg>1</arg>
<arg>X</arg>
</arguments>
<kw library="keywords.TicTacToeKeywords" name="Get Mark">
<arguments>
<arg>${row}</arg>
<arg>${col}</arg>
</arguments>
<assign>
<var>${m}</var>
</assign>
<msg level="INFO" timestamp="20170925 12:40:44.481">${m} = X</msg>
<status endtime="20170925 12:40:44.481" starttime="20170925 12:40:44.465" status="PASS"></status>
</kw>
<kw library="BuiltIn" name="Should Be Equal">
<doc>Fails if the given objects are unequal.</doc>
<arguments>
<arg>${m}</arg>
<arg>${mark}</arg>
</arguments>
<status endtime="20170925 12:40:44.481" starttime="20170925 12:40:44.481" status="PASS"></status>
</kw>
<status endtime="20170925 12:40:44.481" starttime="20170925 12:40:44.465" status="PASS"></status>
</kw>
<kw library="keywords.TicTacToeKeywords" name="Mark Location">
<arguments>
<arg>0</arg>
<arg>1</arg>
</arguments>
<status endtime="20170925 12:40:44.497" starttime="20170925 12:40:44.481" status="PASS"></status>
</kw>
<kw name="Check Location">
<arguments>
<arg>0</arg>
<arg>1</arg>
<arg>O</arg>
</arguments>
<kw library="keywords.TicTacToeKeywords" name="Get Mark">
<arguments>
<arg>${row}</arg>
<arg>${col}</arg>
</arguments>
<assign>
<var>${m}</var>
</assign>
<msg level="INFO" timestamp="20170925 12:40:44.512">${m} = O</msg>
<status endtime="20170925 12:40:44.512" starttime="20170925 12:40:44.497" status="PASS"></status>
</kw>
<kw library="BuiltIn" name="Should Be Equal">
<doc>Fails if the given objects are unequal.</doc>
<arguments>
<arg>${m}</arg>
<arg>${mark}</arg>
</arguments>
<status endtime="20170925 12:40:44.512" starttime="20170925 12:40:44.512" status="PASS"></status>
</kw>
<status endtime="20170925 12:40:44.512" starttime="20170925 12:40:44.497" status="PASS"></status>
</kw>
<kw library="keywords.TicTacToeKeywords" name="Mark Location">
<arguments>
<arg>0</arg>
<arg>0</arg>
</arguments>
<status endtime="20170925 12:40:44.512" starttime="20170925 12:40:44.512" status="PASS"></status>
</kw>
<kw name="Check Location">
<arguments>
<arg>0</arg>
<arg>0</arg>
<arg>X</arg>
</arguments>
<kw library="keywords.TicTacToeKeywords" name="Get Mark">
<arguments>
<arg>${row}</arg>
<arg>${col}</arg>
</arguments>
<assign>
<var>${m}</var>
</assign>
<msg level="INFO" timestamp="20170925 12:40:44.512">${m} = X</msg>
<status endtime="20170925 12:40:44.528" starttime="20170925 12:40:44.512" status="PASS"></status>
</kw>
<kw library="BuiltIn" name="Should Be Equal">
<doc>Fails if the given objects are unequal.</doc>
<arguments>
<arg>${m}</arg>
<arg>${mark}</arg>
</arguments>
<status endtime="20170925 12:40:44.528" starttime="20170925 12:40:44.528" status="PASS"></status>
</kw>
<status endtime="20170925 12:40:44.528" starttime="20170925 12:40:44.512" status="PASS"></status>
</kw>
<kw library="keywords.TicTacToeKeywords" name="Mark Location">
<arguments>
<arg>0</arg>
<arg>2</arg>
</arguments>
<status endtime="20170925 12:40:44.528" starttime="20170925 12:40:44.528" status="PASS"></status>
</kw>
<kw name="Check Location">
<arguments>
<arg>0</arg>
<arg>2</arg>
<arg>O</arg>
</arguments>
<kw library="keywords.TicTacToeKeywords" name="Get Mark">
<arguments>
<arg>${row}</arg>
<arg>${col}</arg>
</arguments>
<assign>
<var>${m}</var>
</assign>
<msg level="INFO" timestamp="20170925 12:40:44.550">${m} = O</msg>
<status endtime="20170925 12:40:44.550" starttime="20170925 12:40:44.550" status="PASS"></status>
</kw>
<kw library="BuiltIn" name="Should Be Equal">
<doc>Fails if the given objects are unequal.</doc>
<arguments>
<arg>${m}</arg>
<arg>${mark}</arg>
</arguments>
<status endtime="20170925 12:40:44.550" starttime="20170925 12:40:44.550" status="PASS"></status>
</kw>
<status endtime="20170925 12:40:44.550" starttime="20170925 12:40:44.528" status="PASS"></status>
</kw>
<kw library="keywords.TicTacToeKeywords" name="Mark Location">
<arguments>
<arg>2</arg>
<arg>2</arg>
</arguments>
<status endtime="20170925 12:40:44.550" starttime="20170925 12:40:44.550" status="PASS"></status>
</kw>
<kw name="Check Location">
<arguments>
<arg>2</arg>
<arg>2</arg>
<arg>X</arg>
</arguments>
<kw library="keywords.TicTacToeKeywords" name="Get Mark">
<arguments>
<arg>${row}</arg>
<arg>${col}</arg>
</arguments>
<assign>
<var>${m}</var>
</assign>
<msg level="INFO" timestamp="20170925 12:40:44.566">${m} = X</msg>
<status endtime="20170925 12:40:44.566" starttime="20170925 12:40:44.566" status="PASS"></status>
</kw>
<kw library="BuiltIn" name="Should Be Equal">
<doc>Fails if the given objects are unequal.</doc>
<arguments>
<arg>${m}</arg>
<arg>${mark}</arg>
</arguments>
<status endtime="20170925 12:40:44.566" starttime="20170925 12:40:44.566" status="PASS"></status>
</kw>
<status endtime="20170925 12:40:44.566" starttime="20170925 12:40:44.550" status="PASS"></status>
</kw>
<kw name="Winner Should Be">
<arguments>
<arg>X</arg>
</arguments>
<kw library="keywords.TicTacToeKeywords" name="Get Winner">
<assign>
<var>${m}</var>
</assign>
<msg level="INFO" timestamp="20170925 12:40:44.581">${m} = X</msg>
<status endtime="20170925 12:40:44.581" starttime="20170925 12:40:44.566" status="PASS"></status>
</kw>
<kw library="BuiltIn" name="Should Be Equal">
<doc>Fails if the given objects are unequal.</doc>
<arguments>
<arg>${m}</arg>
<arg>${mark}</arg>
</arguments>
<status endtime="20170925 12:40:44.581" starttime="20170925 12:40:44.581" status="PASS"></status>
</kw>
<status endtime="20170925 12:40:44.581" starttime="20170925 12:40:44.566" status="PASS"></status>
</kw>
<status critical="yes" endtime="20170925 12:40:44.581" starttime="20170925 12:40:44.450" status="PASS"></status>
</test>
<test name="Win Horizontally as O" id="s1-s2-t2">
<kw library="keywords.TicTacToeKeywords" name="Start New Game">
<status endtime="20170925 12:40:44.581" starttime="20170925 12:40:44.581" status="PASS"></status>
</kw>
<kw library="keywords.TicTacToeKeywords" name="Mark Location">
<arguments>
<arg>1</arg>
<arg>1</arg>
</arguments>
<status endtime="20170925 12:40:44.597" starttime="20170925 12:40:44.597" status="PASS"></status>
</kw>
<kw name="Check Location">
<arguments>
<arg>1</arg>
<arg>1</arg>
<arg>X</arg>
</arguments>
<kw library="keywords.TicTacToeKeywords" name="Get Mark">
<arguments>
<arg>${row}</arg>
<arg>${col}</arg>
</arguments>
<assign>
<var>${m}</var>
</assign>
<msg level="INFO" timestamp="20170925 12:40:44.597">${m} = X</msg>
<status endtime="20170925 12:40:44.597" starttime="20170925 12:40:44.597" status="PASS"></status>
</kw>
<kw library="BuiltIn" name="Should Be Equal">
<doc>Fails if the given objects are unequal.</doc>
<arguments>
<arg>${m}</arg>
<arg>${mark}</arg>
</arguments>
<status endtime="20170925 12:40:44.613" starttime="20170925 12:40:44.597" status="PASS"></status>
</kw>
<status endtime="20170925 12:40:44.613" starttime="20170925 12:40:44.597" status="PASS"></status>
</kw>
<kw library="keywords.TicTacToeKeywords" name="Mark Location">
<arguments>
<arg>2</arg>
<arg>0</arg>
</arguments>
<status endtime="20170925 12:40:44.613" starttime="20170925 12:40:44.613" status="PASS"></status>
</kw>
<kw name="Check Location">
<arguments>
<arg>2</arg>
<arg>0</arg>
<arg>O</arg>
</arguments>
<kw library="keywords.TicTacToeKeywords" name="Get Mark">
<arguments>
<arg>${row}</arg>
<arg>${col}</arg>
</arguments>
<assign>
<var>${m}</var>
</assign>
<msg level="INFO" timestamp="20170925 12:40:44.613">${m} = O</msg>
<status endtime="20170925 12:40:44.613" starttime="20170925 12:40:44.613" status="PASS"></status>
</kw>
<kw library="BuiltIn" name="Should Be Equal">
<doc>Fails if the given objects are unequal.</doc>
<arguments>
<arg>${m}</arg>
<arg>${mark}</arg>
</arguments>
<status endtime="20170925 12:40:44.628" starttime="20170925 12:40:44.613" status="PASS"></status>
</kw>
<status endtime="20170925 12:40:44.628" starttime="20170925 12:40:44.613" status="PASS"></status>
</kw>
<kw library="keywords.TicTacToeKeywords" name="Mark Location">
<arguments>
<arg>0</arg>
<arg>0</arg>
</arguments>
<status endtime="20170925 12:40:44.628" starttime="20170925 12:40:44.628" status="PASS"></status>
</kw>
<kw name="Check Location">
<arguments>
<arg>0</arg>
<arg>0</arg>
<arg>X</arg>
</arguments>
<kw library="keywords.TicTacToeKeywords" name="Get Mark">
<arguments>
<arg>${row}</arg>
<arg>${col}</arg>
</arguments>
<assign>
<var>${m}</var>
</assign>
<msg level="INFO" timestamp="20170925 12:40:44.628">${m} = X</msg>
<status endtime="20170925 12:40:44.628" starttime="20170925 12:40:44.628" status="PASS"></status>
</kw>
<kw library="BuiltIn" name="Should Be Equal">
<doc>Fails if the given objects are unequal.</doc>
<arguments>
<arg>${m}</arg>
<arg>${mark}</arg>
</arguments>
<status endtime="20170925 12:40:44.644" starttime="20170925 12:40:44.628" status="PASS"></status>
</kw>
<status endtime="20170925 12:40:44.647" starttime="20170925 12:40:44.628" status="PASS"></status>
</kw>
<kw library="keywords.TicTacToeKeywords" name="Mark Location">
<arguments>
<arg>2</arg>
<arg>2</arg>
</arguments>
<status endtime="20170925 12:40:44.650" starttime="20170925 12:40:44.648" status="PASS"></status>
</kw>
<kw name="Check Location">
<arguments>
<arg>2</arg>
<arg>2</arg>
<arg>O</arg>
</arguments>
<kw library="keywords.TicTacToeKeywords" name="Get Mark">
<arguments>
<arg>${row}</arg>
<arg>${col}</arg>
</arguments>
<assign>
<var>${m}</var>
</assign>
<msg level="INFO" timestamp="20170925 12:40:44.650">${m} = O</msg>
<status endtime="20170925 12:40:44.650" starttime="20170925 12:40:44.650" status="PASS"></status>
</kw>
<kw library="BuiltIn" name="Should Be Equal">
<doc>Fails if the given objects are unequal.</doc>
<arguments>
<arg>${m}</arg>
<arg>${mark}</arg>
</arguments>
<status endtime="20170925 12:40:44.650" starttime="20170925 12:40:44.650" status="PASS"></status>
</kw>
<status endtime="20170925 12:40:44.650" starttime="20170925 12:40:44.650" status="PASS"></status>
</kw>
<kw library="keywords.TicTacToeKeywords" name="Mark Location">
<arguments>
<arg>0</arg>
<arg>2</arg>
</arguments>
<status endtime="20170925 12:40:44.650" starttime="20170925 12:40:44.650" status="PASS"></status>
</kw>
<kw name="Check Location">
<arguments>
<arg>0</arg>
<arg>2</arg>
<arg>X</arg>
</arguments>
<kw library="keywords.TicTacToeKeywords" name="Get Mark">
<arguments>
<arg>${row}</arg>
<arg>${col}</arg>
</arguments>
<assign>
<var>${m}</var>
</assign>
<msg level="INFO" timestamp="20170925 12:40:44.666">${m} = X</msg>
<status endtime="20170925 12:40:44.666" starttime="20170925 12:40:44.666" status="PASS"></status>
</kw>
<kw library="BuiltIn" name="Should Be Equal">
<doc>Fails if the given objects are unequal.</doc>
<arguments>
<arg>${m}</arg>
<arg>${mark}</arg>
</arguments>
<status endtime="20170925 12:40:44.666" starttime="20170925 12:40:44.666" status="PASS"></status>
</kw>
<status endtime="20170925 12:40:44.682" starttime="20170925 12:40:44.666" status="PASS"></status>
</kw>
<kw library="keywords.TicTacToeKeywords" name="Mark Location">
<arguments>
<arg>2</arg>
<arg>1</arg>
</arguments>
<status endtime="20170925 12:40:44.682" starttime="20170925 12:40:44.682" status="PASS"></status>
</kw>
<kw name="Check Location">
<arguments>
<arg>2</arg>
<arg>1</arg>
<arg>O</arg>
</arguments>
<kw library="keywords.TicTacToeKeywords" name="Get Mark">
<arguments>
<arg>${row}</arg>
<arg>${col}</arg>
</arguments>
<assign>
<var>${m}</var>
</assign>
<msg level="INFO" timestamp="20170925 12:40:44.682">${m} = O</msg>
<status endtime="20170925 12:40:44.682" starttime="20170925 12:40:44.682" status="PASS"></status>
</kw>
<kw library="BuiltIn" name="Should Be Equal">
<doc>Fails if the given objects are unequal.</doc>
<arguments>
<arg>${m}</arg>
<arg>${mark}</arg>
</arguments>
<status endtime="20170925 12:40:44.697" starttime="20170925 12:40:44.682" status="PASS"></status>
</kw>
<status endtime="20170925 12:40:44.697" starttime="20170925 12:40:44.682" status="PASS"></status>
</kw>
<kw name="Winner Should Be">
<arguments>
<arg>O</arg>
</arguments>
<kw library="keywords.TicTacToeKeywords" name="Get Winner">
<assign>
<var>${m}</var>
</assign>
<msg level="INFO" timestamp="20170925 12:40:44.697">${m} = O</msg>
<status endtime="20170925 12:40:44.697" starttime="20170925 12:40:44.697" status="PASS"></status>
</kw>
<kw library="BuiltIn" name="Should Be Equal">
<doc>Fails if the given objects are unequal.</doc>
<arguments>
<arg>${m}</arg>
<arg>${mark}</arg>
</arguments>
<status endtime="20170925 12:40:44.697" starttime="20170925 12:40:44.697" status="PASS"></status>
</kw>
<status endtime="20170925 12:40:44.697" starttime="20170925 12:40:44.697" status="PASS"></status>
</kw>
<status critical="yes" endtime="20170925 12:40:44.697" starttime="20170925 12:40:44.581" status="PASS"></status>
</test>
<test name="Force a Tie" id="s1-s2-t3">
<kw library="keywords.TicTacToeKeywords" name="Start New Game">
<status endtime="20170925 12:40:44.713" starttime="20170925 12:40:44.713" status="PASS"></status>
</kw>
<kw library="keywords.TicTacToeKeywords" name="Mark Location">
<arguments>
<arg>1</arg>
<arg>1</arg>
</arguments>
<status endtime="20170925 12:40:44.713" starttime="20170925 12:40:44.713" status="PASS"></status>
</kw>
<kw name="Check Location">
<arguments>
<arg>1</arg>
<arg>1</arg>
<arg>X</arg>
</arguments>
<kw library="keywords.TicTacToeKeywords" name="Get Mark">
<arguments>
<arg>${row}</arg>
<arg>${col}</arg>
</arguments>
<assign>
<var>${m}</var>
</assign>
<msg level="INFO" timestamp="20170925 12:40:44.713">${m} = X</msg>
<status endtime="20170925 12:40:44.728" starttime="20170925 12:40:44.713" status="PASS"></status>
</kw>
<kw library="BuiltIn" name="Should Be Equal">
<doc>Fails if the given objects are unequal.</doc>
<arguments>
<arg>${m}</arg>
<arg>${mark}</arg>
</arguments>
<status endtime="20170925 12:40:44.728" starttime="20170925 12:40:44.728" status="PASS"></status>
</kw>
<status endtime="20170925 12:40:44.728" starttime="20170925 12:40:44.713" status="PASS"></status>
</kw>
<kw library="keywords.TicTacToeKeywords" name="Mark Location">
<arguments>
<arg>0</arg>
<arg>0</arg>
</arguments>
<status endtime="20170925 12:40:44.728" starttime="20170925 12:40:44.728" status="PASS"></status>
</kw>
<kw name="Check Location">
<arguments>
<arg>0</arg>
<arg>0</arg>
<arg>O</arg>
</arguments>
<kw library="keywords.TicTacToeKeywords" name="Get Mark">
<arguments>
<arg>${row}</arg>
<arg>${col}</arg>
</arguments>
<assign>
<var>${m}</var>
</assign>
<msg level="INFO" timestamp="20170925 12:40:44.746">${m} = O</msg>
<status endtime="20170925 12:40:44.746" starttime="20170925 12:40:44.728" status="PASS"></status>
</kw>
<kw library="BuiltIn" name="Should Be Equal">
<doc>Fails if the given objects are unequal.</doc>
<arguments>
<arg>${m}</arg>
<arg>${mark}</arg>
</arguments>
<status endtime="20170925 12:40:44.750" starttime="20170925 12:40:44.747" status="PASS"></status>
</kw>
<status endtime="20170925 12:40:44.751" starttime="20170925 12:40:44.728" status="PASS"></status>
</kw>
<kw library="keywords.TicTacToeKeywords" name="Mark Location">
<arguments>
<arg>2</arg>
<arg>0</arg>
</arguments>
<status endtime="20170925 12:40:44.754" starttime="20170925 12:40:44.752" status="PASS"></status>
</kw>
<kw name="Check Location">
<arguments>
<arg>2</arg>
<arg>0</arg>
<arg>X</arg>
</arguments>
<kw library="keywords.TicTacToeKeywords" name="Get Mark">
<arguments>
<arg>${row}</arg>
<arg>${col}</arg>
</arguments>
<assign>
<var>${m}</var>
</assign>
<msg level="INFO" timestamp="20170925 12:40:44.767">${m} = X</msg>
<status endtime="20170925 12:40:44.768" starttime="20170925 12:40:44.758" status="PASS"></status>
</kw>
<kw library="BuiltIn" name="Should Be Equal">
<doc>Fails if the given objects are unequal.</doc>
<arguments>
<arg>${m}</arg>
<arg>${mark}</arg>
</arguments>
<status endtime="20170925 12:40:44.771" starttime="20170925 12:40:44.769" status="PASS"></status>
</kw>
<status endtime="20170925 12:40:44.772" starttime="20170925 12:40:44.755" status="PASS"></status>
</kw>
<kw library="keywords.TicTacToeKeywords" name="Mark Location">
<arguments>
<arg>0</arg>
<arg>2</arg>
</arguments>
<status endtime="20170925 12:40:44.778" starttime="20170925 12:40:44.773" status="PASS"></status>
</kw>
<kw name="Check Location">
<arguments>
<arg>0</arg>
<arg>2</arg>
<arg>O</arg>
</arguments>
<kw library="keywords.TicTacToeKeywords" name="Get Mark">
<arguments>
<arg>${row}</arg>
<arg>${col}</arg>
</arguments>
<assign>
<var>${m}</var>
</assign>
<msg level="INFO" timestamp="20170925 12:40:44.787">${m} = O</msg>
<status endtime="20170925 12:40:44.787" starttime="20170925 12:40:44.784" status="PASS"></status>
</kw>
<kw library="BuiltIn" name="Should Be Equal">
<doc>Fails if the given objects are unequal.</doc>
<arguments>
<arg>${m}</arg>
<arg>${mark}</arg>
</arguments>
<status endtime="20170925 12:40:44.791" starttime="20170925 12:40:44.788" status="PASS"></status>
</kw>
<status endtime="20170925 12:40:44.792" starttime="20170925 12:40:44.779" status="PASS"></status>
</kw>
<kw library="keywords.TicTacToeKeywords" name="Mark Location">
<arguments>
<arg>0</arg>
<arg>1</arg>
</arguments>
<status endtime="20170925 12:40:44.795" starttime="20170925 12:40:44.793" status="PASS"></status>
</kw>
<kw name="Check Location">
<arguments>
<arg>0</arg>
<arg>1</arg>
<arg>X</arg>
</arguments>
<kw library="keywords.TicTacToeKeywords" name="Get Mark">
<arguments>
<arg>${row}</arg>
<arg>${col}</arg>
</arguments>
<assign>
<var>${m}</var>
</assign>
<msg level="INFO" timestamp="20170925 12:40:44.804">${m} = X</msg>
<status endtime="20170925 12:40:44.805" starttime="20170925 12:40:44.801" status="PASS"></status>
</kw>
<kw library="BuiltIn" name="Should Be Equal">
<doc>Fails if the given objects are unequal.</doc>
<arguments>
<arg>${m}</arg>
<arg>${mark}</arg>
</arguments>
<status endtime="20170925 12:40:44.809" starttime="20170925 12:40:44.806" status="PASS"></status>
</kw>
<status endtime="20170925 12:40:44.810" starttime="20170925 12:40:44.797" status="PASS"></status>
</kw>
<kw library="keywords.TicTacToeKeywords" name="Mark Location">
<arguments>
<arg>2</arg>
<arg>1</arg>
</arguments>
<status endtime="20170925 12:40:44.814" starttime="20170925 12:40:44.811" status="PASS"></status>
</kw>
<kw name="Check Location">
<arguments>
<arg>2</arg>
<arg>1</arg>
<arg>O</arg>
</arguments>
<kw library="keywords.TicTacToeKeywords" name="Get Mark">
<arguments>
<arg>${row}</arg>
<arg>${col}</arg>
</arguments>
<assign>
<var>${m}</var>
</assign>
<msg level="INFO" timestamp="20170925 12:40:44.820">${m} = O</msg>
<status endtime="20170925 12:40:44.821" starttime="20170925 12:40:44.817" status="PASS"></status>
</kw>
<kw library="BuiltIn" name="Should Be Equal">
<doc>Fails if the given objects are unequal.</doc>
<arguments>
<arg>${m}</arg>
<arg>${mark}</arg>
</arguments>
<status endtime="20170925 12:40:44.824" starttime="20170925 12:40:44.822" status="PASS"></status>
</kw>
<status endtime="20170925 12:40:44.825" starttime="20170925 12:40:44.815" status="PASS"></status>
</kw>
<kw library="keywords.TicTacToeKeywords" name="Mark Location">
<arguments>
<arg>1</arg>
<arg>2</arg>
</arguments>
<status endtime="20170925 12:40:44.827" starttime="20170925 12:40:44.825" status="PASS"></status>
</kw>
<kw name="Check Location">
<arguments>
<arg>1</arg>
<arg>2</arg>
<arg>X</arg>
</arguments>
<kw library="keywords.TicTacToeKeywords" name="Get Mark">
<arguments>
<arg>${row}</arg>
<arg>${col}</arg>
</arguments>
<assign>
<var>${m}</var>
</assign>
<msg level="INFO" timestamp="20170925 12:40:44.833">${m} = X</msg>
<status endtime="20170925 12:40:44.833" starttime="20170925 12:40:44.831" status="PASS"></status>
</kw>
<kw library="BuiltIn" name="Should Be Equal">
<doc>Fails if the given objects are unequal.</doc>
<arguments>
<arg>${m}</arg>
<arg>${mark}</arg>
</arguments>
<status endtime="20170925 12:40:44.836" starttime="20170925 12:40:44.834" status="PASS"></status>
</kw>
<status endtime="20170925 12:40:44.837" starttime="20170925 12:40:44.828" status="PASS"></status>
</kw>
<kw library="keywords.TicTacToeKeywords" name="Mark Location">
<arguments>
<arg>1</arg>
<arg>0</arg>
</arguments>
<status endtime="20170925 12:40:44.840" starttime="20170925 12:40:44.838" status="PASS"></status>
</kw>
<kw name="Check Location">
<arguments>
<arg>1</arg>
<arg>0</arg>
<arg>O</arg>
</arguments>
<kw library="keywords.TicTacToeKeywords" name="Get Mark">
<arguments>
<arg>${row}</arg>
<arg>${col}</arg>
</arguments>
<assign>
<var>${m}</var>
</assign>
<msg level="INFO" timestamp="20170925 12:40:44.847">${m} = O</msg>
<status endtime="20170925 12:40:44.848" starttime="20170925 12:40:44.843" status="PASS"></status>
</kw>
<kw library="BuiltIn" name="Should Be Equal">
<doc>Fails if the given objects are unequal.</doc>
<arguments>
<arg>${m}</arg>
<arg>${mark}</arg>
</arguments>
<status endtime="20170925 12:40:44.852" starttime="20170925 12:40:44.849" status="PASS"></status>
</kw>
<status endtime="20170925 12:40:44.854" starttime="20170925 12:40:44.841" status="PASS"></status>
</kw>
<kw library="keywords.TicTacToeKeywords" name="Mark Location">
<arguments>
<arg>2</arg>
<arg>2</arg>
</arguments>
<status endtime="20170925 12:40:44.856" starttime="20170925 12:40:44.855" status="PASS"></status>
</kw>
<kw name="Check Location">
<arguments>
<arg>2</arg>
<arg>2</arg>
<arg>X</arg>
</arguments>
<kw library="keywords.TicTacToeKeywords" name="Get Mark">
<arguments>
<arg>${row}</arg>
<arg>${col}</arg>
</arguments>
<assign>
<var>${m}</var>
</assign>
<msg level="INFO" timestamp="20170925 12:40:44.862">${m} = X</msg>
<status endtime="20170925 12:40:44.863" starttime="20170925 12:40:44.860" status="PASS"></status>
</kw>
<kw library="BuiltIn" name="Should Be Equal">
<doc>Fails if the given objects are unequal.</doc>
<arguments>
<arg>${m}</arg>
<arg>${mark}</arg>
</arguments>
<status endtime="20170925 12:40:44.866" starttime="20170925 12:40:44.864" status="PASS"></status>
</kw>
<status endtime="20170925 12:40:44.867" starttime="20170925 12:40:44.857" status="PASS"></status>
</kw>
<kw name="Winner Should Be">
<arguments>
<arg>TIE</arg>
</arguments>
<kw library="keywords.TicTacToeKeywords" name="Get Winner">
<assign>
<var>${m}</var>
</assign>
<msg level="INFO" timestamp="20170925 12:40:44.874">${m} = TIE</msg>
<status endtime="20170925 12:40:44.874" starttime="20170925 12:40:44.871" status="PASS"></status>
</kw>
<kw library="BuiltIn" name="Should Be Equal">
<doc>Fails if the given objects are unequal.</doc>
<arguments>
<arg>${m}</arg>
<arg>${mark}</arg>
</arguments>
<status endtime="20170925 12:40:44.878" starttime="20170925 12:40:44.875" status="PASS"></status>
</kw>
<status endtime="20170925 12:40:44.881" starttime="20170925 12:40:44.869" status="PASS"></status>
</kw>
<status critical="yes" endtime="20170925 12:40:44.882" starttime="20170925 12:40:44.713" status="PASS"></status>
</test>
<status endtime="20170925 12:40:44.885" starttime="20170925 12:40:44.381" status="PASS"></status>
</suite>
<status endtime="20170925 12:40:45.188" starttime="20170925 12:40:30.725" status="PASS"></status>
</suite>
<statistics>
<total>
<stat pass="6" fail="0">Critical Tests</stat>
<stat pass="6" fail="0">All Tests</stat>
</total>
<tag>
</tag>
<suite>
<stat pass="6" fail="0" name="Acceptancetest" id="s1">Acceptancetest</stat>
<stat pass="3" fail="0" name="TicTacToeGUITests" id="s1-s1">Acceptancetest.TicTacToeGUITests</stat>
<stat pass="3" fail="0" name="TicTacToeTests" id="s1-s2">Acceptancetest.TicTacToeTests</stat>
</suite>
</statistics>
<errors>
</errors>
</robot>
