<?xml version="1.0" encoding="UTF-8"?>
<robot generator="Robot 3.0 (Jython 2.7.0 on java1.8.0_144)" generated="20170922 11:48:06.847">
<suite source="C:\Users\Travis\Desktop\cs310-tic-tac-toe\src\test\acceptancetest" name="Acceptancetest" id="s1">
<suite source="C:\Users\Travis\Desktop\cs310-tic-tac-toe\src\test\acceptancetest\TicTacToeTests.robot" name="TicTacToeTests" id="s1-s1">
<test name="Win Diagonally as X" id="s1-s1-t1">
<kw library="keywords.TicTacToeKeywords" name="Start New Game">
<status endtime="20170922 11:48:07.208" starttime="20170922 11:48:07.203" status="PASS"></status>
</kw>
<kw library="keywords.TicTacToeKeywords" name="Mark Location">
<arguments>
<arg>1</arg>
<arg>1</arg>
</arguments>
<status endtime="20170922 11:48:07.213" starttime="20170922 11:48:07.210" status="PASS"></status>
</kw>
<kw name="Check Location">
<arguments>
<arg>1</arg>
<arg>1</arg>
<arg>X</arg>
</arguments>
<kw library="keywords.TicTacToeKeywords" name="Get Mark">
<arguments>
<arg>${row}</arg>
<arg>${col}</arg>
</arguments>
<assign>
<var>${m}</var>
</assign>
<msg level="INFO" timestamp="20170922 11:48:07.223">${m} = X</msg>
<status endtime="20170922 11:48:07.224" starttime="20170922 11:48:07.219" status="PASS"></status>
</kw>
<kw library="BuiltIn" name="Should Be Equal">
<doc>Fails if the given objects are unequal.</doc>
<arguments>
<arg>${m}</arg>
<arg>${mark}</arg>
</arguments>
<status endtime="20170922 11:48:07.229" starttime="20170922 11:48:07.225" status="PASS"></status>
</kw>
<status endtime="20170922 11:48:07.232" starttime="20170922 11:48:07.215" status="PASS"></status>
</kw>
<kw library="keywords.TicTacToeKeywords" name="Mark Location">
<arguments>
<arg>0</arg>
<arg>1</arg>
</arguments>
<status endtime="20170922 11:48:07.237" starttime="20170922 11:48:07.234" status="PASS"></status>
</kw>
<kw name="Check Location">
<arguments>
<arg>0</arg>
<arg>1</arg>
<arg>O</arg>
</arguments>
<kw library="keywords.TicTacToeKeywords" name="Get Mark">
<arguments>
<arg>${row}</arg>
<arg>${col}</arg>
</arguments>
<assign>
<var>${m}</var>
</assign>
<msg level="INFO" timestamp="20170922 11:48:07.249">${m} = O</msg>
<status endtime="20170922 11:48:07.251" starttime="20170922 11:48:07.243" status="PASS"></status>
</kw>
<kw library="BuiltIn" name="Should Be Equal">
<doc>Fails if the given objects are unequal.</doc>
<arguments>
<arg>${m}</arg>
<arg>${mark}</arg>
</arguments>
<status endtime="20170922 11:48:07.263" starttime="20170922 11:48:07.253" status="PASS"></status>
</kw>
<status endtime="20170922 11:48:07.269" starttime="20170922 11:48:07.239" status="PASS"></status>
</kw>
<kw library="keywords.TicTacToeKeywords" name="Mark Location">
<arguments>
<arg>0</arg>
<arg>0</arg>
</arguments>
<status endtime="20170922 11:48:07.274" starttime="20170922 11:48:07.271" status="PASS"></status>
</kw>
<kw name="Check Location">
<arguments>
<arg>0</arg>
<arg>0</arg>
<arg>X</arg>
</arguments>
<kw library="keywords.TicTacToeKeywords" name="Get Mark">
<arguments>
<arg>${row}</arg>
<arg>${col}</arg>
</arguments>
<assign>
<var>${m}</var>
</assign>
<msg level="INFO" timestamp="20170922 11:48:07.286">${m} = X</msg>
<status endtime="20170922 11:48:07.287" starttime="20170922 11:48:07.283" status="PASS"></status>
</kw>
<kw library="BuiltIn" name="Should Be Equal">
<doc>Fails if the given objects are unequal.</doc>
<arguments>
<arg>${m}</arg>
<arg>${mark}</arg>
</arguments>
<status endtime="20170922 11:48:07.293" starttime="20170922 11:48:07.289" status="PASS"></status>
</kw>
<status endtime="20170922 11:48:07.295" starttime="20170922 11:48:07.276" status="PASS"></status>
</kw>
<kw library="keywords.TicTacToeKeywords" name="Mark Location">
<arguments>
<arg>0</arg>
<arg>2</arg>
</arguments>
<status endtime="20170922 11:48:07.303" starttime="20170922 11:48:07.299" status="PASS"></status>
</kw>
<kw name="Check Location">
<arguments>
<arg>0</arg>
<arg>2</arg>
<arg>O</arg>
</arguments>
<kw library="keywords.TicTacToeKeywords" name="Get Mark">
<arguments>
<arg>${row}</arg>
<arg>${col}</arg>
</arguments>
<assign>
<var>${m}</var>
</assign>
<msg level="INFO" timestamp="20170922 11:48:07.317">${m} = O</msg>
<status endtime="20170922 11:48:07.318" starttime="20170922 11:48:07.309" status="PASS"></status>
</kw>
<kw library="BuiltIn" name="Should Be Equal">
<doc>Fails if the given objects are unequal.</doc>
<arguments>
<arg>${m}</arg>
<arg>${mark}</arg>
</arguments>
<status endtime="20170922 11:48:07.325" starttime="20170922 11:48:07.320" status="PASS"></status>
</kw>
<status endtime="20170922 11:48:07.327" starttime="20170922 11:48:07.305" status="PASS"></status>
</kw>
<kw library="keywords.TicTacToeKeywords" name="Mark Location">
<arguments>
<arg>2</arg>
<arg>2</arg>
</arguments>
<status endtime="20170922 11:48:07.333" starttime="20170922 11:48:07.329" status="PASS"></status>
</kw>
<kw name="Check Location">
<arguments>
<arg>2</arg>
<arg>2</arg>
<arg>X</arg>
</arguments>
<kw library="keywords.TicTacToeKeywords" name="Get Mark">
<arguments>
<arg>${row}</arg>
<arg>${col}</arg>
</arguments>
<assign>
<var>${m}</var>
</assign>
<msg level="INFO" timestamp="20170922 11:48:07.342">${m} = X</msg>
<status endtime="20170922 11:48:07.343" starttime="20170922 11:48:07.338" status="PASS"></status>
</kw>
<kw library="BuiltIn" name="Should Be Equal">
<doc>Fails if the given objects are unequal.</doc>
<arguments>
<arg>${m}</arg>
<arg>${mark}</arg>
</arguments>
<status endtime="20170922 11:48:07.349" starttime="20170922 11:48:07.344" status="PASS"></status>
</kw>
<status endtime="20170922 11:48:07.351" starttime="20170922 11:48:07.334" status="PASS"></status>
</kw>
<kw name="Winner Should Be">
<arguments>
<arg>X</arg>
</arguments>
<kw library="keywords.TicTacToeKeywords" name="Get Winner">
<assign>
<var>${m}</var>
</assign>
<msg level="INFO" timestamp="20170922 11:48:07.360">${m} = X</msg>
<status endtime="20170922 11:48:07.361" starttime="20170922 11:48:07.356" status="PASS"></status>
</kw>
<kw library="BuiltIn" name="Should Be Equal">
<doc>Fails if the given objects are unequal.</doc>
<arguments>
<arg>${m}</arg>
<arg>${mark}</arg>
</arguments>
<status endtime="20170922 11:48:07.368" starttime="20170922 11:48:07.362" status="PASS"></status>
</kw>
<status endtime="20170922 11:48:07.369" starttime="20170922 11:48:07.353" status="PASS"></status>
</kw>
<status critical="yes" endtime="20170922 11:48:07.371" starttime="20170922 11:48:07.198" status="PASS"></status>
</test>
<test name="Win Horizontally as O" id="s1-s1-t2">
<kw library="keywords.TicTacToeKeywords" name="Start New Game">
<status endtime="20170922 11:48:07.383" starttime="20170922 11:48:07.378" status="PASS"></status>
</kw>
<kw library="keywords.TicTacToeKeywords" name="Mark Location">
<arguments>
<arg>1</arg>
<arg>1</arg>
</arguments>
<status endtime="20170922 11:48:07.389" starttime="20170922 11:48:07.385" status="PASS"></status>
</kw>
<kw name="Check Location">
<arguments>
<arg>1</arg>
<arg>1</arg>
<arg>X</arg>
</arguments>
<kw library="keywords.TicTacToeKeywords" name="Get Mark">
<arguments>
<arg>${row}</arg>
<arg>${col}</arg>
</arguments>
<assign>
<var>${m}</var>
</assign>
<msg level="INFO" timestamp="20170922 11:48:07.399">${m} = X</msg>
<status endtime="20170922 11:48:07.401" starttime="20170922 11:48:07.394" status="PASS"></status>
</kw>
<kw library="BuiltIn" name="Should Be Equal">
<doc>Fails if the given objects are unequal.</doc>
<arguments>
<arg>${m}</arg>
<arg>${mark}</arg>
</arguments>
<status endtime="20170922 11:48:07.406" starttime="20170922 11:48:07.403" status="PASS"></status>
</kw>
<status endtime="20170922 11:48:07.407" starttime="20170922 11:48:07.390" status="PASS"></status>
</kw>
<kw library="keywords.TicTacToeKeywords" name="Mark Location">
<arguments>
<arg>2</arg>
<arg>0</arg>
</arguments>
<status endtime="20170922 11:48:07.417" starttime="20170922 11:48:07.409" status="PASS"></status>
</kw>
<kw name="Check Location">
<arguments>
<arg>2</arg>
<arg>0</arg>
<arg>O</arg>
</arguments>
<kw library="keywords.TicTacToeKeywords" name="Get Mark">
<arguments>
<arg>${row}</arg>
<arg>${col}</arg>
</arguments>
<assign>
<var>${m}</var>
</assign>
<msg level="INFO" timestamp="20170922 11:48:07.428">${m} = O</msg>
<status endtime="20170922 11:48:07.429" starttime="20170922 11:48:07.423" status="PASS"></status>
</kw>
<kw library="BuiltIn" name="Should Be Equal">
<doc>Fails if the given objects are unequal.</doc>
<arguments>
<arg>${m}</arg>
<arg>${mark}</arg>
</arguments>
<status endtime="20170922 11:48:07.436" starttime="20170922 11:48:07.433" status="PASS"></status>
</kw>
<status endtime="20170922 11:48:07.437" starttime="20170922 11:48:07.419" status="PASS"></status>
</kw>
<kw library="keywords.TicTacToeKeywords" name="Mark Location">
<arguments>
<arg>0</arg>
<arg>0</arg>
</arguments>
<status endtime="20170922 11:48:07.441" starttime="20170922 11:48:07.438" status="PASS"></status>
</kw>
<kw name="Check Location">
<arguments>
<arg>0</arg>
<arg>0</arg>
<arg>X</arg>
</arguments>
<kw library="keywords.TicTacToeKeywords" name="Get Mark">
<arguments>
<arg>${row}</arg>
<arg>${col}</arg>
</arguments>
<assign>
<var>${m}</var>
</assign>
<msg level="INFO" timestamp="20170922 11:48:07.450">${m} = X</msg>
<status endtime="20170922 11:48:07.451" starttime="20170922 11:48:07.445" status="PASS"></status>
</kw>
<kw library="BuiltIn" name="Should Be Equal">
<doc>Fails if the given objects are unequal.</doc>
<arguments>
<arg>${m}</arg>
<arg>${mark}</arg>
</arguments>
<status endtime="20170922 11:48:07.456" starttime="20170922 11:48:07.452" status="PASS"></status>
</kw>
<status endtime="20170922 11:48:07.458" starttime="20170922 11:48:07.442" status="PASS"></status>
</kw>
<kw library="keywords.TicTacToeKeywords" name="Mark Location">
<arguments>
<arg>2</arg>
<arg>2</arg>
</arguments>
<status endtime="20170922 11:48:07.462" starttime="20170922 11:48:07.459" status="PASS"></status>
</kw>
<kw name="Check Location">
<arguments>
<arg>2</arg>
<arg>2</arg>
<arg>O</arg>
</arguments>
<kw library="keywords.TicTacToeKeywords" name="Get Mark">
<arguments>
<arg>${row}</arg>
<arg>${col}</arg>
</arguments>
<assign>
<var>${m}</var>
</assign>
<msg level="INFO" timestamp="20170922 11:48:07.471">${m} = O</msg>
<status endtime="20170922 11:48:07.472" starttime="20170922 11:48:07.468" status="PASS"></status>
</kw>
<kw library="BuiltIn" name="Should Be Equal">
<doc>Fails if the given objects are unequal.</doc>
<arguments>
<arg>${m}</arg>
<arg>${mark}</arg>
</arguments>
<status endtime="20170922 11:48:07.477" starttime="20170922 11:48:07.474" status="PASS"></status>
</kw>
<status endtime="20170922 11:48:07.479" starttime="20170922 11:48:07.464" status="PASS"></status>
</kw>
<kw library="keywords.TicTacToeKeywords" name="Mark Location">
<arguments>
<arg>0</arg>
<arg>2</arg>
</arguments>
<status endtime="20170922 11:48:07.484" starttime="20170922 11:48:07.481" status="PASS"></status>
</kw>
<kw name="Check Location">
<arguments>
<arg>0</arg>
<arg>2</arg>
<arg>X</arg>
</arguments>
<kw library="keywords.TicTacToeKeywords" name="Get Mark">
<arguments>
<arg>${row}</arg>
<arg>${col}</arg>
</arguments>
<assign>
<var>${m}</var>
</assign>
<msg level="INFO" timestamp="20170922 11:48:07.493">${m} = X</msg>
<status endtime="20170922 11:48:07.494" starttime="20170922 11:48:07.489" status="PASS"></status>
</kw>
<kw library="BuiltIn" name="Should Be Equal">
<doc>Fails if the given objects are unequal.</doc>
<arguments>
<arg>${m}</arg>
<arg>${mark}</arg>
</arguments>
<status endtime="20170922 11:48:07.501" starttime="20170922 11:48:07.496" status="PASS"></status>
</kw>
<status endtime="20170922 11:48:07.503" starttime="20170922 11:48:07.486" status="PASS"></status>
</kw>
<kw library="keywords.TicTacToeKeywords" name="Mark Location">
<arguments>
<arg>2</arg>
<arg>1</arg>
</arguments>
<status endtime="20170922 11:48:07.507" starttime="20170922 11:48:07.504" status="PASS"></status>
</kw>
<kw name="Check Location">
<arguments>
<arg>2</arg>
<arg>1</arg>
<arg>O</arg>
</arguments>
<kw library="keywords.TicTacToeKeywords" name="Get Mark">
<arguments>
<arg>${row}</arg>
<arg>${col}</arg>
</arguments>
<assign>
<var>${m}</var>
</assign>
<msg level="INFO" timestamp="20170922 11:48:07.515">${m} = O</msg>
<status endtime="20170922 11:48:07.516" starttime="20170922 11:48:07.511" status="PASS"></status>
</kw>
<kw library="BuiltIn" name="Should Be Equal">
<doc>Fails if the given objects are unequal.</doc>
<arguments>
<arg>${m}</arg>
<arg>${mark}</arg>
</arguments>
<status endtime="20170922 11:48:07.520" starttime="20170922 11:48:07.517" status="PASS"></status>
</kw>
<status endtime="20170922 11:48:07.522" starttime="20170922 11:48:07.508" status="PASS"></status>
</kw>
<kw name="Winner Should Be">
<arguments>
<arg>O</arg>
</arguments>
<kw library="keywords.TicTacToeKeywords" name="Get Winner">
<assign>
<var>${m}</var>
</assign>
<msg level="INFO" timestamp="20170922 11:48:07.528">${m} = O</msg>
<status endtime="20170922 11:48:07.529" starttime="20170922 11:48:07.526" status="PASS"></status>
</kw>
<kw library="BuiltIn" name="Should Be Equal">
<doc>Fails if the given objects are unequal.</doc>
<arguments>
<arg>${m}</arg>
<arg>${mark}</arg>
</arguments>
<status endtime="20170922 11:48:07.534" starttime="20170922 11:48:07.530" status="PASS"></status>
</kw>
<status endtime="20170922 11:48:07.535" starttime="20170922 11:48:07.523" status="PASS"></status>
</kw>
<status critical="yes" endtime="20170922 11:48:07.536" starttime="20170922 11:48:07.374" status="PASS"></status>
</test>
<test name="Force a Tie" id="s1-s1-t3">
<kw library="keywords.TicTacToeKeywords" name="Start New Game">
<status endtime="20170922 11:48:07.547" starttime="20170922 11:48:07.543" status="PASS"></status>
</kw>
<kw library="keywords.TicTacToeKeywords" name="Mark Location">
<arguments>
<arg>1</arg>
<arg>1</arg>
</arguments>
<status endtime="20170922 11:48:07.552" starttime="20170922 11:48:07.549" status="PASS"></status>
</kw>
<kw name="Check Location">
<arguments>
<arg>1</arg>
<arg>1</arg>
<arg>X</arg>
</arguments>
<kw library="keywords.TicTacToeKeywords" name="Get Mark">
<arguments>
<arg>${row}</arg>
<arg>${col}</arg>
</arguments>
<assign>
<var>${m}</var>
</assign>
<msg level="INFO" timestamp="20170922 11:48:07.560">${m} = X</msg>
<status endtime="20170922 11:48:07.561" starttime="20170922 11:48:07.556" status="PASS"></status>
</kw>
<kw library="BuiltIn" name="Should Be Equal">
<doc>Fails if the given objects are unequal.</doc>
<arguments>
<arg>${m}</arg>
<arg>${mark}</arg>
</arguments>
<status endtime="20170922 11:48:07.567" starttime="20170922 11:48:07.562" status="PASS"></status>
</kw>
<status endtime="20170922 11:48:07.569" starttime="20170922 11:48:07.553" status="PASS"></status>
</kw>
<kw library="keywords.TicTacToeKeywords" name="Mark Location">
<arguments>
<arg>0</arg>
<arg>0</arg>
</arguments>
<status endtime="20170922 11:48:07.573" starttime="20170922 11:48:07.570" status="PASS"></status>
</kw>
<kw name="Check Location">
<arguments>
<arg>0</arg>
<arg>0</arg>
<arg>O</arg>
</arguments>
<kw library="keywords.TicTacToeKeywords" name="Get Mark">
<arguments>
<arg>${row}</arg>
<arg>${col}</arg>
</arguments>
<assign>
<var>${m}</var>
</assign>
<msg level="INFO" timestamp="20170922 11:48:07.581">${m} = O</msg>
<status endtime="20170922 11:48:07.582" starttime="20170922 11:48:07.577" status="PASS"></status>
</kw>
<kw library="BuiltIn" name="Should Be Equal">
<doc>Fails if the given objects are unequal.</doc>
<arguments>
<arg>${m}</arg>
<arg>${mark}</arg>
</arguments>
<status endtime="20170922 11:48:07.586" starttime="20170922 11:48:07.583" status="PASS"></status>
</kw>
<status endtime="20170922 11:48:07.587" starttime="20170922 11:48:07.574" status="PASS"></status>
</kw>
<kw library="keywords.TicTacToeKeywords" name="Mark Location">
<arguments>
<arg>2</arg>
<arg>0</arg>
</arguments>
<status endtime="20170922 11:48:07.592" starttime="20170922 11:48:07.589" status="PASS"></status>
</kw>
<kw name="Check Location">
<arguments>
<arg>2</arg>
<arg>0</arg>
<arg>X</arg>
</arguments>
<kw library="keywords.TicTacToeKeywords" name="Get Mark">
<arguments>
<arg>${row}</arg>
<arg>${col}</arg>
</arguments>
<assign>
<var>${m}</var>
</assign>
<msg level="INFO" timestamp="20170922 11:48:07.602">${m} = X</msg>
<status endtime="20170922 11:48:07.603" starttime="20170922 11:48:07.597" status="PASS"></status>
</kw>
<kw library="BuiltIn" name="Should Be Equal">
<doc>Fails if the given objects are unequal.</doc>
<arguments>
<arg>${m}</arg>
<arg>${mark}</arg>
</arguments>
<status endtime="20170922 11:48:07.608" starttime="20170922 11:48:07.604" status="PASS"></status>
</kw>
<status endtime="20170922 11:48:07.610" starttime="20170922 11:48:07.593" status="PASS"></status>
</kw>
<kw library="keywords.TicTacToeKeywords" name="Mark Location">
<arguments>
<arg>0</arg>
<arg>2</arg>
</arguments>
<status endtime="20170922 11:48:07.616" starttime="20170922 11:48:07.611" status="PASS"></status>
</kw>
<kw name="Check Location">
<arguments>
<arg>0</arg>
<arg>2</arg>
<arg>O</arg>
</arguments>
<kw library="keywords.TicTacToeKeywords" name="Get Mark">
<arguments>
<arg>${row}</arg>
<arg>${col}</arg>
</arguments>
<assign>
<var>${m}</var>
</assign>
<msg level="INFO" timestamp="20170922 11:48:07.625">${m} = O</msg>
<status endtime="20170922 11:48:07.626" starttime="20170922 11:48:07.622" status="PASS"></status>
</kw>
<kw library="BuiltIn" name="Should Be Equal">
<doc>Fails if the given objects are unequal.</doc>
<arguments>
<arg>${m}</arg>
<arg>${mark}</arg>
</arguments>
<status endtime="20170922 11:48:07.636" starttime="20170922 11:48:07.627" status="PASS"></status>
</kw>
<status endtime="20170922 11:48:07.637" starttime="20170922 11:48:07.618" status="PASS"></status>
</kw>
<kw library="keywords.TicTacToeKeywords" name="Mark Location">
<arguments>
<arg>0</arg>
<arg>1</arg>
</arguments>
<status endtime="20170922 11:48:07.642" starttime="20170922 11:48:07.639" status="PASS"></status>
</kw>
<kw name="Check Location">
<arguments>
<arg>0</arg>
<arg>1</arg>
<arg>X</arg>
</arguments>
<kw library="keywords.TicTacToeKeywords" name="Get Mark">
<arguments>
<arg>${row}</arg>
<arg>${col}</arg>
</arguments>
<assign>
<var>${m}</var>
</assign>
<msg level="INFO" timestamp="20170922 11:48:07.653">${m} = X</msg>
<status endtime="20170922 11:48:07.654" starttime="20170922 11:48:07.649" status="PASS"></status>
</kw>
<kw library="BuiltIn" name="Should Be Equal">
<doc>Fails if the given objects are unequal.</doc>
<arguments>
<arg>${m}</arg>
<arg>${mark}</arg>
</arguments>
<status endtime="20170922 11:48:07.658" starttime="20170922 11:48:07.655" status="PASS"></status>
</kw>
<status endtime="20170922 11:48:07.659" starttime="20170922 11:48:07.643" status="PASS"></status>
</kw>
<kw library="keywords.TicTacToeKeywords" name="Mark Location">
<arguments>
<arg>2</arg>
<arg>1</arg>
</arguments>
<status endtime="20170922 11:48:07.662" starttime="20170922 11:48:07.660" status="PASS"></status>
</kw>
<kw name="Check Location">
<arguments>
<arg>2</arg>
<arg>1</arg>
<arg>O</arg>
</arguments>
<kw library="keywords.TicTacToeKeywords" name="Get Mark">
<arguments>
<arg>${row}</arg>
<arg>${col}</arg>
</arguments>
<assign>
<var>${m}</var>
</assign>
<msg level="INFO" timestamp="20170922 11:48:07.672">${m} = O</msg>
<status endtime="20170922 11:48:07.672" starttime="20170922 11:48:07.667" status="PASS"></status>
</kw>
<kw library="BuiltIn" name="Should Be Equal">
<doc>Fails if the given objects are unequal.</doc>
<arguments>
<arg>${m}</arg>
<arg>${mark}</arg>
</arguments>
<status endtime="20170922 11:48:07.677" starttime="20170922 11:48:07.674" status="PASS"></status>
</kw>
<status endtime="20170922 11:48:07.679" starttime="20170922 11:48:07.663" status="PASS"></status>
</kw>
<kw library="keywords.TicTacToeKeywords" name="Mark Location">
<arguments>
<arg>1</arg>
<arg>2</arg>
</arguments>
<status endtime="20170922 11:48:07.683" starttime="20170922 11:48:07.681" status="PASS"></status>
</kw>
<kw name="Check Location">
<arguments>
<arg>1</arg>
<arg>2</arg>
<arg>X</arg>
</arguments>
<kw library="keywords.TicTacToeKeywords" name="Get Mark">
<arguments>
<arg>${row}</arg>
<arg>${col}</arg>
</arguments>
<assign>
<var>${m}</var>
</assign>
<msg level="INFO" timestamp="20170922 11:48:07.688">${m} = X</msg>
<status endtime="20170922 11:48:07.688" starttime="20170922 11:48:07.685" status="PASS"></status>
</kw>
<kw library="BuiltIn" name="Should Be Equal">
<doc>Fails if the given objects are unequal.</doc>
<arguments>
<arg>${m}</arg>
<arg>${mark}</arg>
</arguments>
<status endtime="20170922 11:48:07.692" starttime="20170922 11:48:07.689" status="PASS"></status>
</kw>
<status endtime="20170922 11:48:07.693" starttime="20170922 11:48:07.684" status="PASS"></status>
</kw>
<kw library="keywords.TicTacToeKeywords" name="Mark Location">
<arguments>
<arg>1</arg>
<arg>0</arg>
</arguments>
<status endtime="20170922 11:48:07.697" starttime="20170922 11:48:07.694" status="PASS"></status>
</kw>
<kw name="Check Location">
<arguments>
<arg>1</arg>
<arg>0</arg>
<arg>O</arg>
</arguments>
<kw library="keywords.TicTacToeKeywords" name="Get Mark">
<arguments>
<arg>${row}</arg>
<arg>${col}</arg>
</arguments>
<assign>
<var>${m}</var>
</assign>
<msg level="INFO" timestamp="20170922 11:48:07.705">${m} = O</msg>
<status endtime="20170922 11:48:07.705" starttime="20170922 11:48:07.701" status="PASS"></status>
</kw>
<kw library="BuiltIn" name="Should Be Equal">
<doc>Fails if the given objects are unequal.</doc>
<arguments>
<arg>${m}</arg>
<arg>${mark}</arg>
</arguments>
<status endtime="20170922 11:48:07.709" starttime="20170922 11:48:07.706" status="PASS"></status>
</kw>
<status endtime="20170922 11:48:07.710" starttime="20170922 11:48:07.698" status="PASS"></status>
</kw>
<kw library="keywords.TicTacToeKeywords" name="Mark Location">
<arguments>
<arg>2</arg>
<arg>2</arg>
</arguments>
<status endtime="20170922 11:48:07.713" starttime="20170922 11:48:07.711" status="PASS"></status>
</kw>
<kw name="Check Location">
<arguments>
<arg>2</arg>
<arg>2</arg>
<arg>X</arg>
</arguments>
<kw library="keywords.TicTacToeKeywords" name="Get Mark">
<arguments>
<arg>${row}</arg>
<arg>${col}</arg>
</arguments>
<assign>
<var>${m}</var>
</assign>
<msg level="INFO" timestamp="20170922 11:48:07.720">${m} = X</msg>
<status endtime="20170922 11:48:07.721" starttime="20170922 11:48:07.718" status="PASS"></status>
</kw>
<kw library="BuiltIn" name="Should Be Equal">
<doc>Fails if the given objects are unequal.</doc>
<arguments>
<arg>${m}</arg>
<arg>${mark}</arg>
</arguments>
<status endtime="20170922 11:48:07.725" starttime="20170922 11:48:07.722" status="PASS"></status>
</kw>
<status endtime="20170922 11:48:07.726" starttime="20170922 11:48:07.715" status="PASS"></status>
</kw>
<kw name="Winner Should Be">
<arguments>
<arg>TIE</arg>
</arguments>
<kw library="keywords.TicTacToeKeywords" name="Get Winner">
<assign>
<var>${m}</var>
</assign>
<msg level="INFO" timestamp="20170922 11:48:07.733">${m} = TIE</msg>
<status endtime="20170922 11:48:07.735" starttime="20170922 11:48:07.731" status="PASS"></status>
</kw>
<kw library="BuiltIn" name="Should Be Equal">
<doc>Fails if the given objects are unequal.</doc>
<arguments>
<arg>${m}</arg>
<arg>${mark}</arg>
</arguments>
<status endtime="20170922 11:48:07.738" starttime="20170922 11:48:07.735" status="PASS"></status>
</kw>
<status endtime="20170922 11:48:07.740" starttime="20170922 11:48:07.728" status="PASS"></status>
</kw>
<status critical="yes" endtime="20170922 11:48:07.741" starttime="20170922 11:48:07.539" status="PASS"></status>
</test>
<status endtime="20170922 11:48:07.745" starttime="20170922 11:48:07.150" status="PASS"></status>
</suite>
<status endtime="20170922 11:48:07.752" starttime="20170922 11:48:06.863" status="PASS"></status>
</suite>
<statistics>
<total>
<stat pass="3" fail="0">Critical Tests</stat>
<stat pass="3" fail="0">All Tests</stat>
</total>
<tag>
</tag>
<suite>
<stat pass="3" fail="0" name="Acceptancetest" id="s1">Acceptancetest</stat>
<stat pass="3" fail="0" name="TicTacToeTests" id="s1-s1">Acceptancetest.TicTacToeTests</stat>
</suite>
</statistics>
<errors>
</errors>
</robot>
